2024-03-06 09:49:56.078 +07:00 [INF] Executed DbCommand (33ms) [Parameters=[], CommandType='"Text"', CommandTimeout='30']
SELECT EXISTS (
    SELECT 1 FROM pg_catalog.pg_class c
    JOIN pg_catalog.pg_namespace n ON n.oid=c.relnamespace
    WHERE n.nspname='public' AND
          c.relname='__EFMigrationsHistory'
)
2024-03-06 09:49:56.117 +07:00 [INF] Executed DbCommand (6ms) [Parameters=[], CommandType='"Text"', CommandTimeout='30']
SELECT "MigrationId", "ProductVersion"
FROM "__EFMigrationsHistory"
ORDER BY "MigrationId";
2024-03-06 09:49:56.271 +07:00 [INF] Executed DbCommand (1ms) [Parameters=[], CommandType='"Text"', CommandTimeout='30']
SELECT EXISTS (
    SELECT 1 FROM pg_catalog.pg_class c
    JOIN pg_catalog.pg_namespace n ON n.oid=c.relnamespace
    WHERE n.nspname='public' AND
          c.relname='__EFMigrationsHistory'
)
2024-03-06 09:49:56.309 +07:00 [INF] Executed DbCommand (1ms) [Parameters=[], CommandType='"Text"', CommandTimeout='30']
SELECT EXISTS (
    SELECT 1 FROM pg_catalog.pg_class c
    JOIN pg_catalog.pg_namespace n ON n.oid=c.relnamespace
    WHERE n.nspname='public' AND
          c.relname='__EFMigrationsHistory'
)
2024-03-06 09:49:56.313 +07:00 [INF] Executed DbCommand (0ms) [Parameters=[], CommandType='"Text"', CommandTimeout='30']
SELECT "MigrationId", "ProductVersion"
FROM "__EFMigrationsHistory"
ORDER BY "MigrationId";
2024-03-06 09:49:56.320 +07:00 [INF] Applying migration '20240306024924_InitialCreate'.
2024-03-06 09:49:56.374 +07:00 [INF] Executed DbCommand (30ms) [Parameters=[], CommandType='"Text"', CommandTimeout='30']
CREATE TABLE pnp_m_general (
    id int GENERATED BY DEFAULT AS IDENTITY,
    typegroup character varying(255) NOT NULL,
    typename character varying(255) NOT NULL,
    typevalue character varying(255) NOT NULL,
    typeevent character varying(100) NOT NULL,
    deleted_flag numeric(20,0),
    CONSTRAINT "PRIMARY" PRIMARY KEY (id)
);
2024-03-06 09:49:56.377 +07:00 [INF] Executed DbCommand (1ms) [Parameters=[], CommandType='"Text"', CommandTimeout='30']
INSERT INTO "__EFMigrationsHistory" ("MigrationId", "ProductVersion")
VALUES ('20240306024924_InitialCreate', '8.0.0');
2024-03-06 10:10:58.946 +07:00 [INF] Now listening on: https://localhost:7095
2024-03-06 10:10:58.961 +07:00 [INF] Now listening on: http://localhost:5291
2024-03-06 10:10:58.963 +07:00 [INF] Application started. Press Ctrl+C to shut down.
2024-03-06 10:10:58.963 +07:00 [INF] Hosting environment: Development
2024-03-06 10:10:58.964 +07:00 [INF] Content root path: D:\Chanisorn Ueasomsaksakul\Documents\GitHub\template-web-db-api\api
2024-03-06 10:10:59.794 +07:00 [INF] Request starting HTTP/2 GET https://localhost:7095/swagger/index.html - null null
2024-03-06 10:11:00.161 +07:00 [INF] Request finished HTTP/2 GET https://localhost:7095/swagger/index.html - 200 null text/html;charset=utf-8 373.0723ms
2024-03-06 10:11:00.191 +07:00 [INF] Request starting HTTP/2 GET https://localhost:7095/_framework/aspnetcore-browser-refresh.js - null null
2024-03-06 10:11:00.195 +07:00 [INF] Request starting HTTP/2 GET https://localhost:7095/_vs/browserLink - null null
2024-03-06 10:11:00.206 +07:00 [INF] Request finished HTTP/2 GET https://localhost:7095/_framework/aspnetcore-browser-refresh.js - 200 13742 application/javascript; charset=utf-8 14.5867ms
2024-03-06 10:11:00.333 +07:00 [INF] Request finished HTTP/2 GET https://localhost:7095/_vs/browserLink - 200 null text/javascript; charset=UTF-8 137.997ms
2024-03-06 10:11:00.399 +07:00 [INF] Request starting HTTP/2 GET https://localhost:7095/swagger/v1/swagger.json - null null
2024-03-06 10:11:00.634 +07:00 [INF] Request finished HTTP/2 GET https://localhost:7095/swagger/v1/swagger.json - 200 null application/json;charset=utf-8 236.1983ms
2024-03-06 10:11:05.748 +07:00 [INF] Request starting HTTP/2 POST https://localhost:7095/api/v1/common/filter-search - application/json 33
2024-03-06 10:11:05.786 +07:00 [INF] CORS policy execution successful.
2024-03-06 10:11:05.790 +07:00 [INF] Executing endpoint 'api.Controllers.v1.CommonController.Get (api)'
2024-03-06 10:11:05.820 +07:00 [INF] Route matched with {action = "Get", controller = "Common"}. Executing controller action with signature System.Threading.Tasks.Task`1[Microsoft.AspNetCore.Mvc.ActionResult`1[domain.Common.DTO.ResultResponse`1[System.Collections.Generic.List`1[application.Feature.Common.Dto.PnpMGeneralDto]]]] Get(application.Feature.Common.Queries.PnpMGeneralGet, System.Threading.CancellationToken) on controller api.Controllers.v1.CommonController (api).
2024-03-06 10:11:05.869 +07:00 [INF] Start handling PnpMGeneralGet 
2024-03-06 10:11:07.271 +07:00 [INF] Executed DbCommand (52ms) [Parameters=[@__request_TypeGroup_0='?'], CommandType='"Text"', CommandTimeout='30']
SELECT p.id, p.deleted_flag, p.typeevent, p.typegroup, p.typename, p.typevalue
FROM pnp_m_general AS p
WHERE p.deleted_flag = 1.0 AND p.typegroup = @__request_TypeGroup_0
2024-03-06 10:11:07.301 +07:00 [INF] Completed handling PnpMGeneralGet - "00:00:01.4321000"
2024-03-06 10:11:07.311 +07:00 [INF] Executing OkObjectResult, writing value of type 'domain.Common.DTO.ResultResponse`1[[System.Collections.Generic.List`1[[application.Feature.Common.Dto.PnpMGeneralDto, application, Version=1.0.0.0, Culture=neutral, PublicKeyToken=null]], System.Private.CoreLib, Version=8.0.0.0, Culture=neutral, PublicKeyToken=7cec85d7bea7798e]]'.
2024-03-06 10:11:07.321 +07:00 [INF] Executed action api.Controllers.v1.CommonController.Get (api) in 1495.7697ms
2024-03-06 10:11:07.322 +07:00 [INF] Executed endpoint 'api.Controllers.v1.CommonController.Get (api)'
2024-03-06 10:11:07.330 +07:00 [INF] Request finished HTTP/2 POST https://localhost:7095/api/v1/common/filter-search - 200 null application/json; charset=utf-8 1582.2204ms
2024-03-06 10:12:16.374 +07:00 [INF] Now listening on: https://localhost:7095
2024-03-06 10:12:16.390 +07:00 [INF] Now listening on: http://localhost:5291
2024-03-06 10:12:16.392 +07:00 [INF] Application started. Press Ctrl+C to shut down.
2024-03-06 10:12:16.393 +07:00 [INF] Hosting environment: Development
2024-03-06 10:12:16.394 +07:00 [INF] Content root path: D:\Chanisorn Ueasomsaksakul\Documents\GitHub\template-web-db-api\api
2024-03-06 10:12:19.545 +07:00 [INF] Request starting HTTP/2 GET https://localhost:7095/swagger/index.html - null null
2024-03-06 10:12:19.748 +07:00 [INF] Request finished HTTP/2 GET https://localhost:7095/swagger/index.html - 200 null text/html;charset=utf-8 206.3044ms
2024-03-06 10:12:19.785 +07:00 [INF] Request starting HTTP/2 GET https://localhost:7095/_framework/aspnetcore-browser-refresh.js - null null
2024-03-06 10:12:19.785 +07:00 [INF] Request starting HTTP/2 GET https://localhost:7095/_vs/browserLink - null null
2024-03-06 10:12:19.799 +07:00 [INF] Request finished HTTP/2 GET https://localhost:7095/_framework/aspnetcore-browser-refresh.js - 200 13742 application/javascript; charset=utf-8 13.5939ms
2024-03-06 10:12:19.850 +07:00 [INF] Request finished HTTP/2 GET https://localhost:7095/_vs/browserLink - 200 null text/javascript; charset=UTF-8 64.3629ms
2024-03-06 10:12:19.901 +07:00 [INF] Request starting HTTP/2 GET https://localhost:7095/swagger/v1/swagger.json - null null
2024-03-06 10:12:20.001 +07:00 [INF] Request finished HTTP/2 GET https://localhost:7095/swagger/v1/swagger.json - 200 null application/json;charset=utf-8 100.493ms
2024-03-06 10:12:25.068 +07:00 [INF] Request starting HTTP/2 POST https://localhost:7095/api/v1/common/filter-search - application/json 33
2024-03-06 10:12:25.099 +07:00 [INF] CORS policy execution successful.
2024-03-06 10:12:25.102 +07:00 [INF] Executing endpoint 'api.Controllers.v1.CommonController.Get (api)'
2024-03-06 10:12:25.124 +07:00 [INF] Route matched with {action = "Get", controller = "Common"}. Executing controller action with signature System.Threading.Tasks.Task`1[Microsoft.AspNetCore.Mvc.ActionResult`1[domain.Common.DTO.ResultResponse`1[System.Collections.Generic.List`1[application.Feature.Common.Dto.PnpMGeneralDto]]]] Get(application.Feature.Common.Queries.PnpMGeneralGet, System.Threading.CancellationToken) on controller api.Controllers.v1.CommonController (api).
2024-03-06 10:12:25.160 +07:00 [INF] Start handling PnpMGeneralGet 
2024-03-06 10:12:26.121 +07:00 [INF] Executed DbCommand (47ms) [Parameters=[@__request_TypeGroup_0='?'], CommandType='"Text"', CommandTimeout='30']
SELECT p.id, p.deleted_flag, p.typeevent, p.typegroup, p.typename, p.typevalue
FROM pnp_m_general AS p
WHERE p.deleted_flag = 1.0 AND p.typegroup = @__request_TypeGroup_0
2024-03-06 10:12:26.152 +07:00 [INF] Completed handling PnpMGeneralGet - "00:00:00.9918369"
2024-03-06 10:12:26.162 +07:00 [INF] Executing OkObjectResult, writing value of type 'domain.Common.DTO.ResultResponse`1[[System.Collections.Generic.List`1[[application.Feature.Common.Dto.PnpMGeneralDto, application, Version=1.0.0.0, Culture=neutral, PublicKeyToken=null]], System.Private.CoreLib, Version=8.0.0.0, Culture=neutral, PublicKeyToken=7cec85d7bea7798e]]'.
2024-03-06 10:12:26.176 +07:00 [INF] Executed action api.Controllers.v1.CommonController.Get (api) in 1047.1384ms
2024-03-06 10:12:26.178 +07:00 [INF] Executed endpoint 'api.Controllers.v1.CommonController.Get (api)'
2024-03-06 10:12:26.185 +07:00 [INF] Request finished HTTP/2 POST https://localhost:7095/api/v1/common/filter-search - 200 null application/json; charset=utf-8 1117.0843ms
2024-03-06 10:30:16.760 +07:00 [INF] Now listening on: https://localhost:7095
2024-03-06 10:30:16.775 +07:00 [INF] Now listening on: http://localhost:5291
2024-03-06 10:30:16.777 +07:00 [INF] Application started. Press Ctrl+C to shut down.
2024-03-06 10:30:16.778 +07:00 [INF] Hosting environment: Development
2024-03-06 10:30:16.778 +07:00 [INF] Content root path: D:\Chanisorn Ueasomsaksakul\Documents\GitHub\template-web-db-api\api
2024-03-06 10:30:18.437 +07:00 [INF] Request starting HTTP/2 GET https://localhost:7095/swagger/index.html - null null
2024-03-06 10:30:18.838 +07:00 [INF] Request finished HTTP/2 GET https://localhost:7095/swagger/index.html - 200 null text/html;charset=utf-8 403.841ms
2024-03-06 10:30:18.871 +07:00 [INF] Request starting HTTP/2 GET https://localhost:7095/_vs/browserLink - null null
2024-03-06 10:30:18.871 +07:00 [INF] Request starting HTTP/2 GET https://localhost:7095/_framework/aspnetcore-browser-refresh.js - null null
2024-03-06 10:30:18.883 +07:00 [INF] Request finished HTTP/2 GET https://localhost:7095/_framework/aspnetcore-browser-refresh.js - 200 13742 application/javascript; charset=utf-8 11.3787ms
2024-03-06 10:30:18.919 +07:00 [INF] Request finished HTTP/2 GET https://localhost:7095/_vs/browserLink - 200 null text/javascript; charset=UTF-8 47.2515ms
2024-03-06 10:30:18.964 +07:00 [INF] Request starting HTTP/2 GET https://localhost:7095/swagger/v1/swagger.json - null null
2024-03-06 10:30:19.080 +07:00 [INF] Request finished HTTP/2 GET https://localhost:7095/swagger/v1/swagger.json - 200 null application/json;charset=utf-8 116.5109ms
2024-03-06 10:40:50.896 +07:00 [INF] Request starting HTTP/2 POST https://localhost:7095/api/v1/common/filter-search - application/json 33
2024-03-06 10:40:50.934 +07:00 [INF] CORS policy execution successful.
2024-03-06 10:40:50.938 +07:00 [INF] Executing endpoint 'api.Controllers.v1.CommonController.Get (api)'
2024-03-06 10:40:50.972 +07:00 [INF] Route matched with {action = "Get", controller = "Common"}. Executing controller action with signature System.Threading.Tasks.Task`1[Microsoft.AspNetCore.Mvc.ActionResult`1[domain.Common.DTO.ResultResponse`1[System.Collections.Generic.List`1[application.Feature.Common.Dto.PnpMGeneralDto]]]] Get(application.Feature.Common.Queries.PnpMGeneralGet, System.Threading.CancellationToken) on controller api.Controllers.v1.CommonController (api).
2024-03-06 10:40:51.022 +07:00 [INF] Start handling PnpMGeneralGet 
2024-03-06 10:40:52.304 +07:00 [INF] Executed DbCommand (48ms) [Parameters=[@__request_TypeGroup_0='?'], CommandType='"Text"', CommandTimeout='30']
SELECT p.id, p.deleted_flag, p.typeevent, p.typegroup, p.typename, p.typevalue
FROM pnp_m_general AS p
WHERE p.deleted_flag = 1.0 AND p.typegroup = @__request_TypeGroup_0
2024-03-06 10:40:52.348 +07:00 [INF] Completed handling PnpMGeneralGet - "00:00:01.3275653"
2024-03-06 10:40:52.360 +07:00 [INF] Executing OkObjectResult, writing value of type 'domain.Common.DTO.ResultResponse`1[[System.Collections.Generic.List`1[[application.Feature.Common.Dto.PnpMGeneralDto, application, Version=1.0.0.0, Culture=neutral, PublicKeyToken=null]], System.Private.CoreLib, Version=8.0.0.0, Culture=neutral, PublicKeyToken=7cec85d7bea7798e]]'.
2024-03-06 10:40:52.373 +07:00 [INF] Executed action api.Controllers.v1.CommonController.Get (api) in 1396.4168ms
2024-03-06 10:40:52.374 +07:00 [INF] Executed endpoint 'api.Controllers.v1.CommonController.Get (api)'
2024-03-06 10:40:52.379 +07:00 [INF] Request finished HTTP/2 POST https://localhost:7095/api/v1/common/filter-search - 200 null application/json; charset=utf-8 1483.4839ms
