2024-02-13 14:01:44.930 +07:00 [INF] Now listening on: https://localhost:7095
2024-02-13 14:01:44.947 +07:00 [INF] Now listening on: http://localhost:5291
2024-02-13 14:01:44.948 +07:00 [INF] Application started. Press Ctrl+C to shut down.
2024-02-13 14:01:44.950 +07:00 [INF] Hosting environment: Development
2024-02-13 14:01:44.950 +07:00 [INF] Content root path: D:\Pimmada Khumdinpithak\Documents\GitHub\template-web-db-api\api
2024-02-13 14:01:45.792 +07:00 [INF] Request starting HTTP/2 GET https://localhost:7095/swagger/index.html - null null
2024-02-13 14:01:46.104 +07:00 [INF] Request starting HTTP/2 GET https://localhost:7095/_framework/aspnetcore-browser-refresh.js - null null
2024-02-13 14:01:46.104 +07:00 [INF] Request starting HTTP/2 GET https://localhost:7095/_vs/browserLink - null null
2024-02-13 14:01:46.128 +07:00 [INF] Request finished HTTP/2 GET https://localhost:7095/_framework/aspnetcore-browser-refresh.js - 200 13742 application/javascript; charset=utf-8 23.5967ms
2024-02-13 14:01:46.134 +07:00 [INF] Request finished HTTP/2 GET https://localhost:7095/swagger/index.html - 200 null text/html;charset=utf-8 348.9419ms
2024-02-13 14:01:46.232 +07:00 [INF] Request finished HTTP/2 GET https://localhost:7095/_vs/browserLink - 200 null text/javascript; charset=UTF-8 129.1634ms
2024-02-13 14:01:46.300 +07:00 [INF] Request starting HTTP/2 GET https://localhost:7095/swagger/v1/swagger.json - null null
2024-02-13 14:01:46.465 +07:00 [INF] Request finished HTTP/2 GET https://localhost:7095/swagger/v1/swagger.json - 200 null application/json;charset=utf-8 166.1125ms
2024-02-13 14:01:52.691 +07:00 [INF] Request starting HTTP/2 POST https://localhost:7095/api/v1/pdpa-privacy-get - application/json 78
2024-02-13 14:01:52.723 +07:00 [INF] CORS policy execution successful.
2024-02-13 14:01:52.728 +07:00 [INF] Executing endpoint 'api.Controllers.v1.PdpaPrivacyController.Get (api)'
2024-02-13 14:01:52.756 +07:00 [INF] Route matched with {action = "Get", controller = "PdpaPrivacy"}. Executing controller action with signature System.Threading.Tasks.Task`1[Microsoft.AspNetCore.Mvc.ActionResult`1[domain.Common.DTO.ResultResponse`1[System.Collections.Generic.List`1[application.Feature.PDPA.DTO.PdpaPrivacyDTO]]]] Get(application.Feature.PDPA.Queries.PdpaPrivacyGet, System.Threading.CancellationToken) on controller api.Controllers.v1.PdpaPrivacyController (api).
2024-02-13 14:01:52.818 +07:00 [INF] Start handling PdpaPrivacyGet 
2024-02-13 14:01:54.306 +07:00 [WRN] The query uses a row limiting operator ('Skip'/'Take') without an 'OrderBy' operator. This may lead to unpredictable results. If the 'Distinct' operator is used after 'OrderBy', then make sure to use the 'OrderBy' operator after 'Distinct' as the ordering would otherwise get erased.
2024-02-13 14:01:54.307 +07:00 [WRN] The query uses a row limiting operator ('Skip'/'Take') without an 'OrderBy' operator. This may lead to unpredictable results. If the 'Distinct' operator is used after 'OrderBy', then make sure to use the 'OrderBy' operator after 'Distinct' as the ordering would otherwise get erased.
2024-02-13 14:01:54.681 +07:00 [INF] Executed DbCommand (48ms) [Parameters=[@__p_1='?' (DbType = Int32), @__p_0='?' (DbType = Int32)], CommandType='"Text"', CommandTimeout='30']
SELECT p."Id", p."CreationTime", p."CreatorUserId", p."DeleterUserId", p."DeletionTime", p."DescriptionEN", p."DescriptionTH", p."DescriptionZH", p."IsDeleted", p."LastModificationTime", p."LastModifierUserId", p."PP_Code", p."Status", p."TitleEN", p."TitleTH", p."TitleZH", p."Version"
FROM "PdpaPrivacy" AS p
LIMIT @__p_1 OFFSET @__p_0
2024-02-13 14:01:54.756 +07:00 [INF] Executed DbCommand (6ms) [Parameters=[], CommandType='"Text"', CommandTimeout='30']
SELECT count(*)::int
FROM "PdpaPrivacy" AS p
2024-02-13 14:01:54.760 +07:00 [INF] Completed handling PdpaPrivacyGet - "00:00:01.9429425"
2024-02-13 14:01:54.769 +07:00 [INF] Executing OkObjectResult, writing value of type 'domain.Common.DTO.ResultResponse`1[[System.Collections.Generic.List`1[[application.Feature.PDPA.DTO.PdpaPrivacyDTO, application, Version=1.0.0.0, Culture=neutral, PublicKeyToken=null]], System.Private.CoreLib, Version=8.0.0.0, Culture=neutral, PublicKeyToken=7cec85d7bea7798e]]'.
2024-02-13 14:01:54.795 +07:00 [INF] Executed action api.Controllers.v1.PdpaPrivacyController.Get (api) in 2032.3037ms
2024-02-13 14:01:54.796 +07:00 [INF] Executed endpoint 'api.Controllers.v1.PdpaPrivacyController.Get (api)'
2024-02-13 14:01:54.804 +07:00 [INF] Request finished HTTP/2 POST https://localhost:7095/api/v1/pdpa-privacy-get - 200 null application/json; charset=utf-8 2114.3859ms
2024-02-13 14:02:29.506 +07:00 [INF] Request starting HTTP/2 POST https://localhost:7095/api/v1/pdpa-privacy-create - application/json 245
2024-02-13 14:02:29.531 +07:00 [INF] CORS policy execution successful.
2024-02-13 14:02:29.532 +07:00 [INF] Executing endpoint 'api.Controllers.v1.PdpaPrivacyController.Create (api)'
2024-02-13 14:02:29.539 +07:00 [INF] Route matched with {action = "Create", controller = "PdpaPrivacy"}. Executing controller action with signature System.Threading.Tasks.Task`1[Microsoft.AspNetCore.Mvc.ActionResult`1[domain.Common.DTO.ResultResponse`1[System.Collections.Generic.List`1[application.Feature.PDPA.DTO.PdpaPrivacyDTO]]]] Create(application.Feature.PDPA.Commands.PdpaPrivacyCreate, System.Threading.CancellationToken) on controller api.Controllers.v1.PdpaPrivacyController (api).
2024-02-13 14:02:29.558 +07:00 [INF] Start handling PdpaPrivacyCreate 
2024-02-13 14:02:29.878 +07:00 [INF] Executed DbCommand (22ms) [Parameters=[@p0='?' (DbType = DateTime), @p1='?' (DbType = Int64), @p2='?' (DbType = Int64), @p3='?' (DbType = DateTime), @p4='?', @p5='?', @p6='?', @p7='?' (DbType = Decimal), @p8='?' (DbType = DateTime), @p9='?' (DbType = Int64), @p10='?', @p11='?' (DbType = Int32), @p12='?', @p13='?', @p14='?', @p15='?'], CommandType='"Text"', CommandTimeout='30']
INSERT INTO "PdpaPrivacy" ("CreationTime", "CreatorUserId", "DeleterUserId", "DeletionTime", "DescriptionEN", "DescriptionTH", "DescriptionZH", "IsDeleted", "LastModificationTime", "LastModifierUserId", "PP_Code", "Status", "TitleEN", "TitleTH", "TitleZH", "Version")
VALUES (@p0, @p1, @p2, @p3, @p4, @p5, @p6, @p7, @p8, @p9, @p10, @p11, @p12, @p13, @p14, @p15)
RETURNING "Id";
2024-02-13 14:02:29.929 +07:00 [INF] Completed handling PdpaPrivacyCreate - "00:00:00.3715980"
2024-02-13 14:02:29.933 +07:00 [INF] Executing OkObjectResult, writing value of type 'domain.Common.DTO.ResultResponse`1[[System.Collections.Generic.List`1[[System.Boolean, System.Private.CoreLib, Version=8.0.0.0, Culture=neutral, PublicKeyToken=7cec85d7bea7798e]], System.Private.CoreLib, Version=8.0.0.0, Culture=neutral, PublicKeyToken=7cec85d7bea7798e]]'.
2024-02-13 14:02:29.944 +07:00 [INF] Executed action api.Controllers.v1.PdpaPrivacyController.Create (api) in 398.6509ms
2024-02-13 14:02:29.946 +07:00 [INF] Executed endpoint 'api.Controllers.v1.PdpaPrivacyController.Create (api)'
2024-02-13 14:02:29.948 +07:00 [INF] Request finished HTTP/2 POST https://localhost:7095/api/v1/pdpa-privacy-create - 200 null application/json; charset=utf-8 448.1787ms
2024-02-13 14:02:43.216 +07:00 [INF] Request starting HTTP/2 POST https://localhost:7095/api/v1/pdpa-privacy-get - application/json 78
2024-02-13 14:02:43.220 +07:00 [INF] CORS policy execution successful.
2024-02-13 14:02:43.221 +07:00 [INF] Executing endpoint 'api.Controllers.v1.PdpaPrivacyController.Get (api)'
2024-02-13 14:02:43.222 +07:00 [INF] Route matched with {action = "Get", controller = "PdpaPrivacy"}. Executing controller action with signature System.Threading.Tasks.Task`1[Microsoft.AspNetCore.Mvc.ActionResult`1[domain.Common.DTO.ResultResponse`1[System.Collections.Generic.List`1[application.Feature.PDPA.DTO.PdpaPrivacyDTO]]]] Get(application.Feature.PDPA.Queries.PdpaPrivacyGet, System.Threading.CancellationToken) on controller api.Controllers.v1.PdpaPrivacyController (api).
2024-02-13 14:02:43.223 +07:00 [INF] Start handling PdpaPrivacyGet 
2024-02-13 14:02:43.239 +07:00 [INF] Executed DbCommand (2ms) [Parameters=[@__p_1='?' (DbType = Int32), @__p_0='?' (DbType = Int32)], CommandType='"Text"', CommandTimeout='30']
SELECT p."Id", p."CreationTime", p."CreatorUserId", p."DeleterUserId", p."DeletionTime", p."DescriptionEN", p."DescriptionTH", p."DescriptionZH", p."IsDeleted", p."LastModificationTime", p."LastModifierUserId", p."PP_Code", p."Status", p."TitleEN", p."TitleTH", p."TitleZH", p."Version"
FROM "PdpaPrivacy" AS p
LIMIT @__p_1 OFFSET @__p_0
2024-02-13 14:02:43.243 +07:00 [INF] Executed DbCommand (0ms) [Parameters=[], CommandType='"Text"', CommandTimeout='30']
SELECT count(*)::int
FROM "PdpaPrivacy" AS p
2024-02-13 14:02:43.244 +07:00 [INF] Completed handling PdpaPrivacyGet - "00:00:00.0205964"
2024-02-13 14:02:43.245 +07:00 [INF] Executing OkObjectResult, writing value of type 'domain.Common.DTO.ResultResponse`1[[System.Collections.Generic.List`1[[application.Feature.PDPA.DTO.PdpaPrivacyDTO, application, Version=1.0.0.0, Culture=neutral, PublicKeyToken=null]], System.Private.CoreLib, Version=8.0.0.0, Culture=neutral, PublicKeyToken=7cec85d7bea7798e]]'.
2024-02-13 14:02:43.246 +07:00 [INF] Executed action api.Controllers.v1.PdpaPrivacyController.Get (api) in 23.4244ms
2024-02-13 14:02:43.247 +07:00 [INF] Executed endpoint 'api.Controllers.v1.PdpaPrivacyController.Get (api)'
2024-02-13 14:02:43.248 +07:00 [INF] Request finished HTTP/2 POST https://localhost:7095/api/v1/pdpa-privacy-get - 200 null application/json; charset=utf-8 32.333ms
2024-02-13 14:08:01.521 +07:00 [INF] Request starting HTTP/2 OPTIONS https://localhost:7095/api/v1/pdpa-consent-get - null null
2024-02-13 14:08:01.523 +07:00 [INF] CORS policy execution successful.
2024-02-13 14:08:01.525 +07:00 [INF] Request finished HTTP/2 OPTIONS https://localhost:7095/api/v1/pdpa-consent-get - 204 null null 4.3082ms
2024-02-13 14:08:01.528 +07:00 [INF] Request starting HTTP/2 POST https://localhost:7095/api/v1/pdpa-consent-get - application/json 62
2024-02-13 14:08:01.530 +07:00 [INF] CORS policy execution successful.
2024-02-13 14:08:01.531 +07:00 [INF] Executing endpoint 'api.Controllers.v1.PdpaConsentController.Get (api)'
2024-02-13 14:08:01.535 +07:00 [INF] Route matched with {action = "Get", controller = "PdpaConsent"}. Executing controller action with signature System.Threading.Tasks.Task`1[Microsoft.AspNetCore.Mvc.ActionResult`1[domain.Common.DTO.ResultResponse`1[System.Collections.Generic.List`1[application.Feature.PDPA.DTO.PdpaConsentDto]]]] Get(application.Feature.PDPA.Queries.PdpaConsentGet, System.Threading.CancellationToken) on controller api.Controllers.v1.PdpaConsentController (api).
2024-02-13 14:08:01.544 +07:00 [INF] Start handling PdpaConsentGet 
2024-02-13 14:08:01.549 +07:00 [WRN] The query uses a row limiting operator ('Skip'/'Take') without an 'OrderBy' operator. This may lead to unpredictable results. If the 'Distinct' operator is used after 'OrderBy', then make sure to use the 'OrderBy' operator after 'Distinct' as the ordering would otherwise get erased.
2024-02-13 14:08:01.551 +07:00 [WRN] The query uses a row limiting operator ('Skip'/'Take') without an 'OrderBy' operator. This may lead to unpredictable results. If the 'Distinct' operator is used after 'OrderBy', then make sure to use the 'OrderBy' operator after 'Distinct' as the ordering would otherwise get erased.
2024-02-13 14:08:01.691 +07:00 [INF] Executed DbCommand (21ms) [Parameters=[@__p_1='?' (DbType = Int32), @__p_0='?' (DbType = Int32)], CommandType='"Text"', CommandTimeout='30']
SELECT p."Id", p."Con_Code", p."CreationTime", p."CreatorUserId", p."DeleterUserId", p."DeletionTime", p."DescriptionEN", p."DescriptionTH", p."DescriptionZH", p."IsDeleted", p."LastModificationTime", p."LastModifierUserId", p."Status", p."TitleEN", p."TitleTH", p."TitleZH", p."Version"
FROM "PdpaConsents" AS p
LIMIT @__p_1 OFFSET @__p_0
2024-02-13 14:08:01.706 +07:00 [INF] Executed DbCommand (4ms) [Parameters=[], CommandType='"Text"', CommandTimeout='30']
SELECT count(*)::int
FROM "PdpaConsents" AS p
2024-02-13 14:08:01.707 +07:00 [INF] Completed handling PdpaConsentGet - "00:00:00.1635968"
2024-02-13 14:08:01.708 +07:00 [INF] Executing OkObjectResult, writing value of type 'domain.Common.DTO.ResultResponse`1[[System.Collections.Generic.List`1[[application.Feature.PDPA.DTO.PdpaConsentDto, application, Version=1.0.0.0, Culture=neutral, PublicKeyToken=null]], System.Private.CoreLib, Version=8.0.0.0, Culture=neutral, PublicKeyToken=7cec85d7bea7798e]]'.
2024-02-13 14:08:01.716 +07:00 [INF] Executed action api.Controllers.v1.PdpaConsentController.Get (api) in 178.7269ms
2024-02-13 14:08:01.716 +07:00 [INF] Executed endpoint 'api.Controllers.v1.PdpaConsentController.Get (api)'
2024-02-13 14:08:01.717 +07:00 [INF] Request finished HTTP/2 POST https://localhost:7095/api/v1/pdpa-consent-get - 200 null application/json; charset=utf-8 188.9907ms
2024-02-13 14:13:50.826 +07:00 [INF] Request starting HTTP/2 OPTIONS https://localhost:7095/api/v1/pdpa-consent-get - null null
2024-02-13 14:13:50.853 +07:00 [INF] CORS policy execution successful.
2024-02-13 14:13:50.854 +07:00 [INF] Request finished HTTP/2 OPTIONS https://localhost:7095/api/v1/pdpa-consent-get - 204 null null 27.9635ms
2024-02-13 14:13:50.859 +07:00 [INF] Request starting HTTP/2 POST https://localhost:7095/api/v1/pdpa-consent-get - application/json 62
2024-02-13 14:13:50.862 +07:00 [INF] CORS policy execution successful.
2024-02-13 14:13:50.863 +07:00 [INF] Executing endpoint 'api.Controllers.v1.PdpaConsentController.Get (api)'
2024-02-13 14:13:50.864 +07:00 [INF] Route matched with {action = "Get", controller = "PdpaConsent"}. Executing controller action with signature System.Threading.Tasks.Task`1[Microsoft.AspNetCore.Mvc.ActionResult`1[domain.Common.DTO.ResultResponse`1[System.Collections.Generic.List`1[application.Feature.PDPA.DTO.PdpaConsentDto]]]] Get(application.Feature.PDPA.Queries.PdpaConsentGet, System.Threading.CancellationToken) on controller api.Controllers.v1.PdpaConsentController (api).
2024-02-13 14:13:50.867 +07:00 [INF] Start handling PdpaConsentGet 
2024-02-13 14:13:50.931 +07:00 [INF] Executed DbCommand (3ms) [Parameters=[@__p_1='?' (DbType = Int32), @__p_0='?' (DbType = Int32)], CommandType='"Text"', CommandTimeout='30']
SELECT p."Id", p."Con_Code", p."CreationTime", p."CreatorUserId", p."DeleterUserId", p."DeletionTime", p."DescriptionEN", p."DescriptionTH", p."DescriptionZH", p."IsDeleted", p."LastModificationTime", p."LastModifierUserId", p."Status", p."TitleEN", p."TitleTH", p."TitleZH", p."Version"
FROM "PdpaConsents" AS p
LIMIT @__p_1 OFFSET @__p_0
2024-02-13 14:13:50.935 +07:00 [INF] Executed DbCommand (1ms) [Parameters=[], CommandType='"Text"', CommandTimeout='30']
SELECT count(*)::int
FROM "PdpaConsents" AS p
2024-02-13 14:13:50.937 +07:00 [INF] Completed handling PdpaConsentGet - "00:00:00.0701303"
2024-02-13 14:13:50.939 +07:00 [INF] Executing OkObjectResult, writing value of type 'domain.Common.DTO.ResultResponse`1[[System.Collections.Generic.List`1[[application.Feature.PDPA.DTO.PdpaConsentDto, application, Version=1.0.0.0, Culture=neutral, PublicKeyToken=null]], System.Private.CoreLib, Version=8.0.0.0, Culture=neutral, PublicKeyToken=7cec85d7bea7798e]]'.
2024-02-13 14:13:50.941 +07:00 [INF] Executed action api.Controllers.v1.PdpaConsentController.Get (api) in 73.9622ms
2024-02-13 14:13:50.942 +07:00 [INF] Executed endpoint 'api.Controllers.v1.PdpaConsentController.Get (api)'
2024-02-13 14:13:50.944 +07:00 [INF] Request finished HTTP/2 POST https://localhost:7095/api/v1/pdpa-consent-get - 200 null application/json; charset=utf-8 85.1543ms
2024-02-13 14:14:42.732 +07:00 [INF] Request starting HTTP/2 OPTIONS https://localhost:7095/api/v1/pdpa-consent-get - null null
2024-02-13 14:14:42.735 +07:00 [INF] CORS policy execution successful.
2024-02-13 14:14:42.736 +07:00 [INF] Request finished HTTP/2 OPTIONS https://localhost:7095/api/v1/pdpa-consent-get - 204 null null 3.854ms
2024-02-13 14:14:42.745 +07:00 [INF] Request starting HTTP/2 POST https://localhost:7095/api/v1/pdpa-consent-get - application/json 62
2024-02-13 14:14:42.747 +07:00 [INF] CORS policy execution successful.
2024-02-13 14:14:42.747 +07:00 [INF] Executing endpoint 'api.Controllers.v1.PdpaConsentController.Get (api)'
2024-02-13 14:14:42.748 +07:00 [INF] Route matched with {action = "Get", controller = "PdpaConsent"}. Executing controller action with signature System.Threading.Tasks.Task`1[Microsoft.AspNetCore.Mvc.ActionResult`1[domain.Common.DTO.ResultResponse`1[System.Collections.Generic.List`1[application.Feature.PDPA.DTO.PdpaConsentDto]]]] Get(application.Feature.PDPA.Queries.PdpaConsentGet, System.Threading.CancellationToken) on controller api.Controllers.v1.PdpaConsentController (api).
2024-02-13 14:14:42.750 +07:00 [INF] Start handling PdpaConsentGet 
2024-02-13 14:14:42.762 +07:00 [INF] Executed DbCommand (11ms) [Parameters=[@__p_1='?' (DbType = Int32), @__p_0='?' (DbType = Int32)], CommandType='"Text"', CommandTimeout='30']
SELECT p."Id", p."Con_Code", p."CreationTime", p."CreatorUserId", p."DeleterUserId", p."DeletionTime", p."DescriptionEN", p."DescriptionTH", p."DescriptionZH", p."IsDeleted", p."LastModificationTime", p."LastModifierUserId", p."Status", p."TitleEN", p."TitleTH", p."TitleZH", p."Version"
FROM "PdpaConsents" AS p
LIMIT @__p_1 OFFSET @__p_0
2024-02-13 14:14:42.765 +07:00 [INF] Executed DbCommand (0ms) [Parameters=[], CommandType='"Text"', CommandTimeout='30']
SELECT count(*)::int
FROM "PdpaConsents" AS p
2024-02-13 14:14:42.767 +07:00 [INF] Completed handling PdpaConsentGet - "00:00:00.0172165"
2024-02-13 14:14:42.768 +07:00 [INF] Executing OkObjectResult, writing value of type 'domain.Common.DTO.ResultResponse`1[[System.Collections.Generic.List`1[[application.Feature.PDPA.DTO.PdpaConsentDto, application, Version=1.0.0.0, Culture=neutral, PublicKeyToken=null]], System.Private.CoreLib, Version=8.0.0.0, Culture=neutral, PublicKeyToken=7cec85d7bea7798e]]'.
2024-02-13 14:14:42.769 +07:00 [INF] Executed action api.Controllers.v1.PdpaConsentController.Get (api) in 19.3209ms
2024-02-13 14:14:42.770 +07:00 [INF] Executed endpoint 'api.Controllers.v1.PdpaConsentController.Get (api)'
2024-02-13 14:14:42.771 +07:00 [INF] Request finished HTTP/2 POST https://localhost:7095/api/v1/pdpa-consent-get - 200 null application/json; charset=utf-8 25.8751ms
2024-02-13 14:14:57.739 +07:00 [INF] Request starting HTTP/2 OPTIONS https://localhost:7095/api/v1/pdpa-consent-get - null null
2024-02-13 14:14:57.749 +07:00 [INF] CORS policy execution successful.
2024-02-13 14:14:57.750 +07:00 [INF] Request finished HTTP/2 OPTIONS https://localhost:7095/api/v1/pdpa-consent-get - 204 null null 11.4295ms
2024-02-13 14:14:57.752 +07:00 [INF] Request starting HTTP/2 POST https://localhost:7095/api/v1/pdpa-consent-get - application/json 62
2024-02-13 14:14:57.753 +07:00 [INF] CORS policy execution successful.
2024-02-13 14:14:57.754 +07:00 [INF] Executing endpoint 'api.Controllers.v1.PdpaConsentController.Get (api)'
2024-02-13 14:14:57.754 +07:00 [INF] Route matched with {action = "Get", controller = "PdpaConsent"}. Executing controller action with signature System.Threading.Tasks.Task`1[Microsoft.AspNetCore.Mvc.ActionResult`1[domain.Common.DTO.ResultResponse`1[System.Collections.Generic.List`1[application.Feature.PDPA.DTO.PdpaConsentDto]]]] Get(application.Feature.PDPA.Queries.PdpaConsentGet, System.Threading.CancellationToken) on controller api.Controllers.v1.PdpaConsentController (api).
2024-02-13 14:14:57.756 +07:00 [INF] Start handling PdpaConsentGet 
2024-02-13 14:14:57.758 +07:00 [INF] Executed DbCommand (1ms) [Parameters=[@__p_1='?' (DbType = Int32), @__p_0='?' (DbType = Int32)], CommandType='"Text"', CommandTimeout='30']
SELECT p."Id", p."Con_Code", p."CreationTime", p."CreatorUserId", p."DeleterUserId", p."DeletionTime", p."DescriptionEN", p."DescriptionTH", p."DescriptionZH", p."IsDeleted", p."LastModificationTime", p."LastModifierUserId", p."Status", p."TitleEN", p."TitleTH", p."TitleZH", p."Version"
FROM "PdpaConsents" AS p
LIMIT @__p_1 OFFSET @__p_0
2024-02-13 14:14:57.761 +07:00 [INF] Executed DbCommand (0ms) [Parameters=[], CommandType='"Text"', CommandTimeout='30']
SELECT count(*)::int
FROM "PdpaConsents" AS p
2024-02-13 14:14:57.762 +07:00 [INF] Completed handling PdpaConsentGet - "00:00:00.0062871"
2024-02-13 14:14:57.763 +07:00 [INF] Executing OkObjectResult, writing value of type 'domain.Common.DTO.ResultResponse`1[[System.Collections.Generic.List`1[[application.Feature.PDPA.DTO.PdpaConsentDto, application, Version=1.0.0.0, Culture=neutral, PublicKeyToken=null]], System.Private.CoreLib, Version=8.0.0.0, Culture=neutral, PublicKeyToken=7cec85d7bea7798e]]'.
2024-02-13 14:14:57.764 +07:00 [INF] Executed action api.Controllers.v1.PdpaConsentController.Get (api) in 8.1915ms
2024-02-13 14:14:57.765 +07:00 [INF] Executed endpoint 'api.Controllers.v1.PdpaConsentController.Get (api)'
2024-02-13 14:14:57.765 +07:00 [INF] Request finished HTTP/2 POST https://localhost:7095/api/v1/pdpa-consent-get - 200 null application/json; charset=utf-8 13.4078ms
2024-02-13 14:28:09.129 +07:00 [INF] Now listening on: https://localhost:7095
2024-02-13 14:28:09.144 +07:00 [INF] Now listening on: http://localhost:5291
2024-02-13 14:28:09.146 +07:00 [INF] Application started. Press Ctrl+C to shut down.
2024-02-13 14:28:09.146 +07:00 [INF] Hosting environment: Development
2024-02-13 14:28:09.147 +07:00 [INF] Content root path: D:\Pimmada Khumdinpithak\Documents\GitHub\template-web-db-api\api
2024-02-13 14:28:10.919 +07:00 [INF] Request starting HTTP/2 GET https://localhost:7095/swagger/index.html - null null
2024-02-13 14:28:11.165 +07:00 [INF] Request finished HTTP/2 GET https://localhost:7095/swagger/index.html - 200 null text/html;charset=utf-8 253.5151ms
2024-02-13 14:28:11.175 +07:00 [INF] Request starting HTTP/2 GET https://localhost:7095/_vs/browserLink - null null
2024-02-13 14:28:11.176 +07:00 [INF] Request starting HTTP/2 GET https://localhost:7095/_framework/aspnetcore-browser-refresh.js - null null
2024-02-13 14:28:11.189 +07:00 [INF] Request finished HTTP/2 GET https://localhost:7095/_framework/aspnetcore-browser-refresh.js - 200 13742 application/javascript; charset=utf-8 13.7388ms
2024-02-13 14:28:11.215 +07:00 [INF] Request finished HTTP/2 GET https://localhost:7095/_vs/browserLink - 200 null text/javascript; charset=UTF-8 40.2084ms
2024-02-13 14:28:11.242 +07:00 [INF] Request starting HTTP/2 GET https://localhost:7095/swagger/v1/swagger.json - null null
2024-02-13 14:28:11.324 +07:00 [INF] Request finished HTTP/2 GET https://localhost:7095/swagger/v1/swagger.json - 200 null application/json;charset=utf-8 82.1354ms
