2024-02-21 08:33:02.265 +07:00 [INF] Now listening on: https://localhost:7095
2024-02-21 08:33:02.299 +07:00 [INF] Now listening on: http://localhost:5291
2024-02-21 08:33:02.303 +07:00 [INF] Application started. Press Ctrl+C to shut down.
2024-02-21 08:33:02.305 +07:00 [INF] Hosting environment: Development
2024-02-21 08:33:02.307 +07:00 [INF] Content root path: D:\Pimmada Khumdinpithak\Documents\GitHub\template-web-db-api\api
2024-02-21 08:33:03.661 +07:00 [INF] Request starting HTTP/2 GET https://localhost:7095/swagger/index.html - null null
2024-02-21 08:33:04.284 +07:00 [INF] Request finished HTTP/2 GET https://localhost:7095/swagger/index.html - 200 null text/html;charset=utf-8 627.4166ms
2024-02-21 08:33:04.329 +07:00 [INF] Request starting HTTP/2 GET https://localhost:7095/_framework/aspnetcore-browser-refresh.js - null null
2024-02-21 08:33:04.336 +07:00 [INF] Request starting HTTP/2 GET https://localhost:7095/_vs/browserLink - null null
2024-02-21 08:33:04.361 +07:00 [INF] Request finished HTTP/2 GET https://localhost:7095/_framework/aspnetcore-browser-refresh.js - 200 13742 application/javascript; charset=utf-8 32.1357ms
2024-02-21 08:33:04.494 +07:00 [INF] Request finished HTTP/2 GET https://localhost:7095/_vs/browserLink - 200 null text/javascript; charset=UTF-8 161.8458ms
2024-02-21 08:33:04.580 +07:00 [INF] Request starting HTTP/2 GET https://localhost:7095/swagger/v1/swagger.json - null null
2024-02-21 08:33:04.802 +07:00 [INF] Request finished HTTP/2 GET https://localhost:7095/swagger/v1/swagger.json - 200 null application/json;charset=utf-8 220.3122ms
2024-02-21 08:33:16.176 +07:00 [INF] Request starting HTTP/2 OPTIONS https://localhost:7095/api/v1/pdpa-consent-get - null null
2024-02-21 08:33:16.227 +07:00 [INF] CORS policy execution successful.
2024-02-21 08:33:16.235 +07:00 [INF] Request finished HTTP/2 OPTIONS https://localhost:7095/api/v1/pdpa-consent-get - 204 null null 58.5568ms
2024-02-21 08:33:16.246 +07:00 [INF] Request starting HTTP/2 POST https://localhost:7095/api/v1/pdpa-consent-get - application/json 62
2024-02-21 08:33:16.259 +07:00 [INF] CORS policy execution successful.
2024-02-21 08:33:16.267 +07:00 [INF] Executing endpoint 'api.Controllers.v1.PdpaConsentController.Get (api)'
2024-02-21 08:33:16.336 +07:00 [INF] Route matched with {action = "Get", controller = "PdpaConsent"}. Executing controller action with signature System.Threading.Tasks.Task`1[Microsoft.AspNetCore.Mvc.ActionResult`1[domain.Common.DTO.ResultResponse`1[System.Collections.Generic.List`1[application.Feature.PDPA.DTO.PdpaConsentDto]]]] Get(application.Feature.PDPA.Queries.PdpaConsentGet, System.Threading.CancellationToken) on controller api.Controllers.v1.PdpaConsentController (api).
2024-02-21 08:33:16.465 +07:00 [INF] Start handling PdpaConsentGet 
2024-02-21 08:33:17.955 +07:00 [INF] Request starting HTTP/2 POST https://localhost:7095/api/v1/pdpa-consent-get - application/json 62
2024-02-21 08:33:17.962 +07:00 [INF] CORS policy execution successful.
2024-02-21 08:33:17.968 +07:00 [INF] Executing endpoint 'api.Controllers.v1.PdpaConsentController.Get (api)'
2024-02-21 08:33:17.971 +07:00 [INF] Route matched with {action = "Get", controller = "PdpaConsent"}. Executing controller action with signature System.Threading.Tasks.Task`1[Microsoft.AspNetCore.Mvc.ActionResult`1[domain.Common.DTO.ResultResponse`1[System.Collections.Generic.List`1[application.Feature.PDPA.DTO.PdpaConsentDto]]]] Get(application.Feature.PDPA.Queries.PdpaConsentGet, System.Threading.CancellationToken) on controller api.Controllers.v1.PdpaConsentController (api).
2024-02-21 08:33:17.977 +07:00 [INF] Start handling PdpaConsentGet 
2024-02-21 08:33:18.934 +07:00 [INF] Request starting HTTP/2 POST https://localhost:7095/api/v1/pdpa-consent-get - application/json 62
2024-02-21 08:33:18.947 +07:00 [INF] CORS policy execution successful.
2024-02-21 08:33:18.949 +07:00 [INF] Executing endpoint 'api.Controllers.v1.PdpaConsentController.Get (api)'
2024-02-21 08:33:18.951 +07:00 [INF] Route matched with {action = "Get", controller = "PdpaConsent"}. Executing controller action with signature System.Threading.Tasks.Task`1[Microsoft.AspNetCore.Mvc.ActionResult`1[domain.Common.DTO.ResultResponse`1[System.Collections.Generic.List`1[application.Feature.PDPA.DTO.PdpaConsentDto]]]] Get(application.Feature.PDPA.Queries.PdpaConsentGet, System.Threading.CancellationToken) on controller api.Controllers.v1.PdpaConsentController (api).
2024-02-21 08:33:18.956 +07:00 [INF] Start handling PdpaConsentGet 
2024-02-21 08:33:19.229 +07:00 [WRN] The query uses a row limiting operator ('Skip'/'Take') without an 'OrderBy' operator. This may lead to unpredictable results. If the 'Distinct' operator is used after 'OrderBy', then make sure to use the 'OrderBy' operator after 'Distinct' as the ordering would otherwise get erased.
2024-02-21 08:33:19.235 +07:00 [WRN] The query uses a row limiting operator ('Skip'/'Take') without an 'OrderBy' operator. This may lead to unpredictable results. If the 'Distinct' operator is used after 'OrderBy', then make sure to use the 'OrderBy' operator after 'Distinct' as the ordering would otherwise get erased.
2024-02-21 08:33:19.613 +07:00 [ERR] An error occurred using the connection to database 'TemplateWebAPIDB' on server 'tcp://localhost:5432'.
2024-02-21 08:33:19.633 +07:00 [ERR] An error occurred using the connection to database 'TemplateWebAPIDB' on server 'tcp://localhost:5432'.
2024-02-21 08:33:20.210 +07:00 [ERR] CleanArchitecture Request: Unhandled Exception for Request PdpaConsentGet {"FilterType":0,"FilterValue":"","PageNumber":1,"PageSize":10,"$type":"PdpaConsentGet"}
System.Threading.Tasks.TaskCanceledException: A task was canceled.
   at Npgsql.TaskTimeoutAndCancellation.ExecuteAsync(Func`2 getTaskFunc, NpgsqlTimeout timeout, CancellationToken cancellationToken)
   at Npgsql.TaskTimeoutAndCancellation.ExecuteAsync[TResult](Func`2 getTaskFunc, NpgsqlTimeout timeout, CancellationToken cancellationToken)
   at Npgsql.Internal.NpgsqlConnector.ConnectAsync(NpgsqlTimeout timeout, CancellationToken cancellationToken)
   at Npgsql.Internal.NpgsqlConnector.RawOpen(SslMode sslMode, NpgsqlTimeout timeout, Boolean async, CancellationToken cancellationToken, Boolean isFirstAttempt)
   at Npgsql.Internal.NpgsqlConnector.<Open>g__OpenCore|213_1(NpgsqlConnector conn, SslMode sslMode, NpgsqlTimeout timeout, Boolean async, CancellationToken cancellationToken, Boolean isFirstAttempt)
   at Npgsql.Internal.NpgsqlConnector.Open(NpgsqlTimeout timeout, Boolean async, CancellationToken cancellationToken)
   at Npgsql.PoolingDataSource.OpenNewConnector(NpgsqlConnection conn, NpgsqlTimeout timeout, Boolean async, CancellationToken cancellationToken)
   at Npgsql.PoolingDataSource.<Get>g__RentAsync|34_0(NpgsqlConnection conn, NpgsqlTimeout timeout, Boolean async, CancellationToken cancellationToken)
   at Npgsql.NpgsqlConnection.<Open>g__OpenAsync|42_0(Boolean async, CancellationToken cancellationToken)
   at Microsoft.EntityFrameworkCore.Storage.RelationalConnection.OpenInternalAsync(Boolean errorsExpected, CancellationToken cancellationToken)
   at Microsoft.EntityFrameworkCore.Storage.RelationalConnection.OpenInternalAsync(Boolean errorsExpected, CancellationToken cancellationToken)
   at Microsoft.EntityFrameworkCore.Storage.RelationalConnection.OpenAsync(CancellationToken cancellationToken, Boolean errorsExpected)
   at Microsoft.EntityFrameworkCore.Storage.RelationalCommand.ExecuteReaderAsync(RelationalCommandParameterObject parameterObject, CancellationToken cancellationToken)
   at Microsoft.EntityFrameworkCore.Query.Internal.SingleQueryingEnumerable`1.AsyncEnumerator.InitializeReaderAsync(AsyncEnumerator enumerator, CancellationToken cancellationToken)
   at Npgsql.EntityFrameworkCore.PostgreSQL.Storage.Internal.NpgsqlExecutionStrategy.ExecuteAsync[TState,TResult](TState state, Func`4 operation, Func`4 verifySucceeded, CancellationToken cancellationToken)
   at Microsoft.EntityFrameworkCore.Query.Internal.SingleQueryingEnumerable`1.AsyncEnumerator.MoveNextAsync()
   at Microsoft.EntityFrameworkCore.EntityFrameworkQueryableExtensions.ToListAsync[TSource](IQueryable`1 source, CancellationToken cancellationToken)
   at Microsoft.EntityFrameworkCore.EntityFrameworkQueryableExtensions.ToListAsync[TSource](IQueryable`1 source, CancellationToken cancellationToken)
   at infra.Repositories.Base.QueryRepository`2.GetAsync(Expression`1 predicate, Int32 pageNumber, Int32 pageSize, CancellationToken cancellationToken) in D:\Pimmada Khumdinpithak\Documents\GitHub\template-web-db-api\infra\Repositories\Base\QueryRepository.cs:line 34
   at application.Feature.PDPA.Handler.Queries.PdpaConsentGetHandler.Handle(PdpaConsentGet request, CancellationToken cancellationToken) in D:\Pimmada Khumdinpithak\Documents\GitHub\template-web-db-api\application\Feature\PDPA\Handler\Queries\PdpaConsentGetHandler.cs:line 38
   at application.Behaviours.ValidationBehaviour`2.Handle(TRequest request, RequestHandlerDelegate`1 next, CancellationToken cancellationToken) in D:\Pimmada Khumdinpithak\Documents\GitHub\template-web-db-api\application\Common\Behaviours\ValidationBehaviour.cs:line 34
   at application.Behaviours.UnhandledExceptionBehaviour`2.Handle(TRequest request, RequestHandlerDelegate`1 next, CancellationToken cancellationToken) in D:\Pimmada Khumdinpithak\Documents\GitHub\template-web-db-api\application\Common\Behaviours\UnhandledExceptionBehaviour.cs:line 19
2024-02-21 08:33:20.212 +07:00 [ERR] CleanArchitecture Request: Unhandled Exception for Request PdpaConsentGet {"FilterType":0,"FilterValue":"","PageNumber":1,"PageSize":10,"$type":"PdpaConsentGet"}
System.Threading.Tasks.TaskCanceledException: A task was canceled.
   at Npgsql.TaskTimeoutAndCancellation.ExecuteAsync(Func`2 getTaskFunc, NpgsqlTimeout timeout, CancellationToken cancellationToken)
   at Npgsql.TaskTimeoutAndCancellation.ExecuteAsync[TResult](Func`2 getTaskFunc, NpgsqlTimeout timeout, CancellationToken cancellationToken)
   at Npgsql.Internal.NpgsqlConnector.ConnectAsync(NpgsqlTimeout timeout, CancellationToken cancellationToken)
   at Npgsql.Internal.NpgsqlConnector.RawOpen(SslMode sslMode, NpgsqlTimeout timeout, Boolean async, CancellationToken cancellationToken, Boolean isFirstAttempt)
   at Npgsql.Internal.NpgsqlConnector.<Open>g__OpenCore|213_1(NpgsqlConnector conn, SslMode sslMode, NpgsqlTimeout timeout, Boolean async, CancellationToken cancellationToken, Boolean isFirstAttempt)
   at Npgsql.Internal.NpgsqlConnector.Open(NpgsqlTimeout timeout, Boolean async, CancellationToken cancellationToken)
   at Npgsql.PoolingDataSource.OpenNewConnector(NpgsqlConnection conn, NpgsqlTimeout timeout, Boolean async, CancellationToken cancellationToken)
   at Npgsql.PoolingDataSource.<Get>g__RentAsync|34_0(NpgsqlConnection conn, NpgsqlTimeout timeout, Boolean async, CancellationToken cancellationToken)
   at Npgsql.NpgsqlConnection.<Open>g__OpenAsync|42_0(Boolean async, CancellationToken cancellationToken)
   at Microsoft.EntityFrameworkCore.Storage.RelationalConnection.OpenInternalAsync(Boolean errorsExpected, CancellationToken cancellationToken)
   at Microsoft.EntityFrameworkCore.Storage.RelationalConnection.OpenInternalAsync(Boolean errorsExpected, CancellationToken cancellationToken)
   at Microsoft.EntityFrameworkCore.Storage.RelationalConnection.OpenAsync(CancellationToken cancellationToken, Boolean errorsExpected)
   at Microsoft.EntityFrameworkCore.Storage.RelationalCommand.ExecuteReaderAsync(RelationalCommandParameterObject parameterObject, CancellationToken cancellationToken)
   at Microsoft.EntityFrameworkCore.Query.Internal.SingleQueryingEnumerable`1.AsyncEnumerator.InitializeReaderAsync(AsyncEnumerator enumerator, CancellationToken cancellationToken)
   at Npgsql.EntityFrameworkCore.PostgreSQL.Storage.Internal.NpgsqlExecutionStrategy.ExecuteAsync[TState,TResult](TState state, Func`4 operation, Func`4 verifySucceeded, CancellationToken cancellationToken)
   at Microsoft.EntityFrameworkCore.Query.Internal.SingleQueryingEnumerable`1.AsyncEnumerator.MoveNextAsync()
   at Microsoft.EntityFrameworkCore.EntityFrameworkQueryableExtensions.ToListAsync[TSource](IQueryable`1 source, CancellationToken cancellationToken)
   at Microsoft.EntityFrameworkCore.EntityFrameworkQueryableExtensions.ToListAsync[TSource](IQueryable`1 source, CancellationToken cancellationToken)
   at infra.Repositories.Base.QueryRepository`2.GetAsync(Expression`1 predicate, Int32 pageNumber, Int32 pageSize, CancellationToken cancellationToken) in D:\Pimmada Khumdinpithak\Documents\GitHub\template-web-db-api\infra\Repositories\Base\QueryRepository.cs:line 34
   at application.Feature.PDPA.Handler.Queries.PdpaConsentGetHandler.Handle(PdpaConsentGet request, CancellationToken cancellationToken) in D:\Pimmada Khumdinpithak\Documents\GitHub\template-web-db-api\application\Feature\PDPA\Handler\Queries\PdpaConsentGetHandler.cs:line 38
   at application.Behaviours.ValidationBehaviour`2.Handle(TRequest request, RequestHandlerDelegate`1 next, CancellationToken cancellationToken) in D:\Pimmada Khumdinpithak\Documents\GitHub\template-web-db-api\application\Common\Behaviours\ValidationBehaviour.cs:line 34
   at application.Behaviours.UnhandledExceptionBehaviour`2.Handle(TRequest request, RequestHandlerDelegate`1 next, CancellationToken cancellationToken) in D:\Pimmada Khumdinpithak\Documents\GitHub\template-web-db-api\application\Common\Behaviours\UnhandledExceptionBehaviour.cs:line 19
2024-02-21 08:33:20.402 +07:00 [ERR] CleanArchitecture Request: Unhandled Exception for Request PdpaConsentGet {"FilterType":0,"FilterValue":"","PageNumber":1,"PageSize":10,"$type":"PdpaConsentGet"}
System.Threading.Tasks.TaskCanceledException: A task was canceled.
   at Npgsql.TaskTimeoutAndCancellation.ExecuteAsync(Func`2 getTaskFunc, NpgsqlTimeout timeout, CancellationToken cancellationToken)
   at Npgsql.TaskTimeoutAndCancellation.ExecuteAsync[TResult](Func`2 getTaskFunc, NpgsqlTimeout timeout, CancellationToken cancellationToken)
   at Npgsql.Internal.NpgsqlConnector.ConnectAsync(NpgsqlTimeout timeout, CancellationToken cancellationToken)
   at Npgsql.Internal.NpgsqlConnector.RawOpen(SslMode sslMode, NpgsqlTimeout timeout, Boolean async, CancellationToken cancellationToken, Boolean isFirstAttempt)
   at Npgsql.Internal.NpgsqlConnector.<Open>g__OpenCore|213_1(NpgsqlConnector conn, SslMode sslMode, NpgsqlTimeout timeout, Boolean async, CancellationToken cancellationToken, Boolean isFirstAttempt)
   at Npgsql.Internal.NpgsqlConnector.Open(NpgsqlTimeout timeout, Boolean async, CancellationToken cancellationToken)
   at Npgsql.PoolingDataSource.OpenNewConnector(NpgsqlConnection conn, NpgsqlTimeout timeout, Boolean async, CancellationToken cancellationToken)
   at Npgsql.PoolingDataSource.<Get>g__RentAsync|34_0(NpgsqlConnection conn, NpgsqlTimeout timeout, Boolean async, CancellationToken cancellationToken)
   at Npgsql.NpgsqlConnection.<Open>g__OpenAsync|42_0(Boolean async, CancellationToken cancellationToken)
   at Microsoft.EntityFrameworkCore.Storage.RelationalConnection.OpenInternalAsync(Boolean errorsExpected, CancellationToken cancellationToken)
   at Microsoft.EntityFrameworkCore.Storage.RelationalConnection.OpenInternalAsync(Boolean errorsExpected, CancellationToken cancellationToken)
   at Microsoft.EntityFrameworkCore.Storage.RelationalConnection.OpenAsync(CancellationToken cancellationToken, Boolean errorsExpected)
   at Microsoft.EntityFrameworkCore.Storage.RelationalCommand.ExecuteReaderAsync(RelationalCommandParameterObject parameterObject, CancellationToken cancellationToken)
   at Microsoft.EntityFrameworkCore.Query.Internal.SingleQueryingEnumerable`1.AsyncEnumerator.InitializeReaderAsync(AsyncEnumerator enumerator, CancellationToken cancellationToken)
   at Npgsql.EntityFrameworkCore.PostgreSQL.Storage.Internal.NpgsqlExecutionStrategy.ExecuteAsync[TState,TResult](TState state, Func`4 operation, Func`4 verifySucceeded, CancellationToken cancellationToken)
   at Microsoft.EntityFrameworkCore.Query.Internal.SingleQueryingEnumerable`1.AsyncEnumerator.MoveNextAsync()
   at Microsoft.EntityFrameworkCore.EntityFrameworkQueryableExtensions.ToListAsync[TSource](IQueryable`1 source, CancellationToken cancellationToken)
   at Microsoft.EntityFrameworkCore.EntityFrameworkQueryableExtensions.ToListAsync[TSource](IQueryable`1 source, CancellationToken cancellationToken)
   at infra.Repositories.Base.QueryRepository`2.GetAsync(Expression`1 predicate, Int32 pageNumber, Int32 pageSize, CancellationToken cancellationToken) in D:\Pimmada Khumdinpithak\Documents\GitHub\template-web-db-api\infra\Repositories\Base\QueryRepository.cs:line 34
   at application.Feature.PDPA.Handler.Queries.PdpaConsentGetHandler.Handle(PdpaConsentGet request, CancellationToken cancellationToken) in D:\Pimmada Khumdinpithak\Documents\GitHub\template-web-db-api\application\Feature\PDPA\Handler\Queries\PdpaConsentGetHandler.cs:line 38
   at application.Behaviours.ValidationBehaviour`2.Handle(TRequest request, RequestHandlerDelegate`1 next, CancellationToken cancellationToken) in D:\Pimmada Khumdinpithak\Documents\GitHub\template-web-db-api\application\Common\Behaviours\ValidationBehaviour.cs:line 34
   at application.Behaviours.UnhandledExceptionBehaviour`2.Handle(TRequest request, RequestHandlerDelegate`1 next, CancellationToken cancellationToken) in D:\Pimmada Khumdinpithak\Documents\GitHub\template-web-db-api\application\Common\Behaviours\UnhandledExceptionBehaviour.cs:line 19
2024-02-21 08:33:20.437 +07:00 [ERR] CleanArchitecture Request: Unhandled Exception for Request PdpaConsentGet {"FilterType":0,"FilterValue":"","PageNumber":1,"PageSize":10,"$type":"PdpaConsentGet"}
System.Threading.Tasks.TaskCanceledException: A task was canceled.
   at Npgsql.TaskTimeoutAndCancellation.ExecuteAsync(Func`2 getTaskFunc, NpgsqlTimeout timeout, CancellationToken cancellationToken)
   at Npgsql.TaskTimeoutAndCancellation.ExecuteAsync[TResult](Func`2 getTaskFunc, NpgsqlTimeout timeout, CancellationToken cancellationToken)
   at Npgsql.Internal.NpgsqlConnector.ConnectAsync(NpgsqlTimeout timeout, CancellationToken cancellationToken)
   at Npgsql.Internal.NpgsqlConnector.RawOpen(SslMode sslMode, NpgsqlTimeout timeout, Boolean async, CancellationToken cancellationToken, Boolean isFirstAttempt)
   at Npgsql.Internal.NpgsqlConnector.<Open>g__OpenCore|213_1(NpgsqlConnector conn, SslMode sslMode, NpgsqlTimeout timeout, Boolean async, CancellationToken cancellationToken, Boolean isFirstAttempt)
   at Npgsql.Internal.NpgsqlConnector.Open(NpgsqlTimeout timeout, Boolean async, CancellationToken cancellationToken)
   at Npgsql.PoolingDataSource.OpenNewConnector(NpgsqlConnection conn, NpgsqlTimeout timeout, Boolean async, CancellationToken cancellationToken)
   at Npgsql.PoolingDataSource.<Get>g__RentAsync|34_0(NpgsqlConnection conn, NpgsqlTimeout timeout, Boolean async, CancellationToken cancellationToken)
   at Npgsql.NpgsqlConnection.<Open>g__OpenAsync|42_0(Boolean async, CancellationToken cancellationToken)
   at Microsoft.EntityFrameworkCore.Storage.RelationalConnection.OpenInternalAsync(Boolean errorsExpected, CancellationToken cancellationToken)
   at Microsoft.EntityFrameworkCore.Storage.RelationalConnection.OpenInternalAsync(Boolean errorsExpected, CancellationToken cancellationToken)
   at Microsoft.EntityFrameworkCore.Storage.RelationalConnection.OpenAsync(CancellationToken cancellationToken, Boolean errorsExpected)
   at Microsoft.EntityFrameworkCore.Storage.RelationalCommand.ExecuteReaderAsync(RelationalCommandParameterObject parameterObject, CancellationToken cancellationToken)
   at Microsoft.EntityFrameworkCore.Query.Internal.SingleQueryingEnumerable`1.AsyncEnumerator.InitializeReaderAsync(AsyncEnumerator enumerator, CancellationToken cancellationToken)
   at Npgsql.EntityFrameworkCore.PostgreSQL.Storage.Internal.NpgsqlExecutionStrategy.ExecuteAsync[TState,TResult](TState state, Func`4 operation, Func`4 verifySucceeded, CancellationToken cancellationToken)
   at Microsoft.EntityFrameworkCore.Query.Internal.SingleQueryingEnumerable`1.AsyncEnumerator.MoveNextAsync()
   at Microsoft.EntityFrameworkCore.EntityFrameworkQueryableExtensions.ToListAsync[TSource](IQueryable`1 source, CancellationToken cancellationToken)
   at Microsoft.EntityFrameworkCore.EntityFrameworkQueryableExtensions.ToListAsync[TSource](IQueryable`1 source, CancellationToken cancellationToken)
   at infra.Repositories.Base.QueryRepository`2.GetAsync(Expression`1 predicate, Int32 pageNumber, Int32 pageSize, CancellationToken cancellationToken) in D:\Pimmada Khumdinpithak\Documents\GitHub\template-web-db-api\infra\Repositories\Base\QueryRepository.cs:line 34
   at application.Feature.PDPA.Handler.Queries.PdpaConsentGetHandler.Handle(PdpaConsentGet request, CancellationToken cancellationToken) in D:\Pimmada Khumdinpithak\Documents\GitHub\template-web-db-api\application\Feature\PDPA\Handler\Queries\PdpaConsentGetHandler.cs:line 38
   at application.Behaviours.ValidationBehaviour`2.Handle(TRequest request, RequestHandlerDelegate`1 next, CancellationToken cancellationToken) in D:\Pimmada Khumdinpithak\Documents\GitHub\template-web-db-api\application\Common\Behaviours\ValidationBehaviour.cs:line 34
   at application.Behaviours.UnhandledExceptionBehaviour`2.Handle(TRequest request, RequestHandlerDelegate`1 next, CancellationToken cancellationToken) in D:\Pimmada Khumdinpithak\Documents\GitHub\template-web-db-api\application\Common\Behaviours\UnhandledExceptionBehaviour.cs:line 19
2024-02-21 08:33:20.591 +07:00 [INF] Completed handling PdpaConsentGet - "00:00:02.4860464"
2024-02-21 08:33:20.595 +07:00 [INF] Completed handling PdpaConsentGet - "00:00:04.0801485"
2024-02-21 08:33:20.799 +07:00 [ERR] System.Threading.Tasks.TaskCanceledException: A task was canceled.
   at Npgsql.TaskTimeoutAndCancellation.ExecuteAsync(Func`2 getTaskFunc, NpgsqlTimeout timeout, CancellationToken cancellationToken)
   at Npgsql.TaskTimeoutAndCancellation.ExecuteAsync[TResult](Func`2 getTaskFunc, NpgsqlTimeout timeout, CancellationToken cancellationToken)
   at Npgsql.Internal.NpgsqlConnector.ConnectAsync(NpgsqlTimeout timeout, CancellationToken cancellationToken)
   at Npgsql.Internal.NpgsqlConnector.RawOpen(SslMode sslMode, NpgsqlTimeout timeout, Boolean async, CancellationToken cancellationToken, Boolean isFirstAttempt)
   at Npgsql.Internal.NpgsqlConnector.<Open>g__OpenCore|213_1(NpgsqlConnector conn, SslMode sslMode, NpgsqlTimeout timeout, Boolean async, CancellationToken cancellationToken, Boolean isFirstAttempt)
   at Npgsql.Internal.NpgsqlConnector.Open(NpgsqlTimeout timeout, Boolean async, CancellationToken cancellationToken)
   at Npgsql.PoolingDataSource.OpenNewConnector(NpgsqlConnection conn, NpgsqlTimeout timeout, Boolean async, CancellationToken cancellationToken)
   at Npgsql.PoolingDataSource.<Get>g__RentAsync|34_0(NpgsqlConnection conn, NpgsqlTimeout timeout, Boolean async, CancellationToken cancellationToken)
   at Npgsql.NpgsqlConnection.<Open>g__OpenAsync|42_0(Boolean async, CancellationToken cancellationToken)
   at Microsoft.EntityFrameworkCore.Storage.RelationalConnection.OpenInternalAsync(Boolean errorsExpected, CancellationToken cancellationToken)
   at Microsoft.EntityFrameworkCore.Storage.RelationalConnection.OpenInternalAsync(Boolean errorsExpected, CancellationToken cancellationToken)
   at Microsoft.EntityFrameworkCore.Storage.RelationalConnection.OpenAsync(CancellationToken cancellationToken, Boolean errorsExpected)
   at Microsoft.EntityFrameworkCore.Storage.RelationalCommand.ExecuteReaderAsync(RelationalCommandParameterObject parameterObject, CancellationToken cancellationToken)
   at Microsoft.EntityFrameworkCore.Query.Internal.SingleQueryingEnumerable`1.AsyncEnumerator.InitializeReaderAsync(AsyncEnumerator enumerator, CancellationToken cancellationToken)
   at Npgsql.EntityFrameworkCore.PostgreSQL.Storage.Internal.NpgsqlExecutionStrategy.ExecuteAsync[TState,TResult](TState state, Func`4 operation, Func`4 verifySucceeded, CancellationToken cancellationToken)
   at Microsoft.EntityFrameworkCore.Query.Internal.SingleQueryingEnumerable`1.AsyncEnumerator.MoveNextAsync()
   at Microsoft.EntityFrameworkCore.EntityFrameworkQueryableExtensions.ToListAsync[TSource](IQueryable`1 source, CancellationToken cancellationToken)
   at Microsoft.EntityFrameworkCore.EntityFrameworkQueryableExtensions.ToListAsync[TSource](IQueryable`1 source, CancellationToken cancellationToken)
   at infra.Repositories.Base.QueryRepository`2.GetAsync(Expression`1 predicate, Int32 pageNumber, Int32 pageSize, CancellationToken cancellationToken) in D:\Pimmada Khumdinpithak\Documents\GitHub\template-web-db-api\infra\Repositories\Base\QueryRepository.cs:line 34
   at application.Feature.PDPA.Handler.Queries.PdpaConsentGetHandler.Handle(PdpaConsentGet request, CancellationToken cancellationToken) in D:\Pimmada Khumdinpithak\Documents\GitHub\template-web-db-api\application\Feature\PDPA\Handler\Queries\PdpaConsentGetHandler.cs:line 38
   at application.Behaviours.ValidationBehaviour`2.Handle(TRequest request, RequestHandlerDelegate`1 next, CancellationToken cancellationToken) in D:\Pimmada Khumdinpithak\Documents\GitHub\template-web-db-api\application\Common\Behaviours\ValidationBehaviour.cs:line 34
   at application.Behaviours.UnhandledExceptionBehaviour`2.Handle(TRequest request, RequestHandlerDelegate`1 next, CancellationToken cancellationToken) in D:\Pimmada Khumdinpithak\Documents\GitHub\template-web-db-api\application\Common\Behaviours\UnhandledExceptionBehaviour.cs:line 19
   at MediatR.Pipeline.RequestExceptionProcessorBehavior`2.Handle(TRequest request, RequestHandlerDelegate`1 next, CancellationToken cancellationToken)
   at MediatR.Pipeline.RequestExceptionProcessorBehavior`2.Handle(TRequest request, RequestHandlerDelegate`1 next, CancellationToken cancellationToken)
   at MediatR.Pipeline.RequestExceptionActionProcessorBehavior`2.Handle(TRequest request, RequestHandlerDelegate`1 next, CancellationToken cancellationToken)
   at MediatR.Pipeline.RequestExceptionActionProcessorBehavior`2.Handle(TRequest request, RequestHandlerDelegate`1 next, CancellationToken cancellationToken)
   at MediatR.Pipeline.RequestPreProcessorBehavior`2.Handle(TRequest request, RequestHandlerDelegate`1 next, CancellationToken cancellationToken)
   at MediatR.Pipeline.RequestPostProcessorBehavior`2.Handle(TRequest request, RequestHandlerDelegate`1 next, CancellationToken cancellationToken)
   at api.Controllers.v1.PdpaConsentController.Get(PdpaConsentGet Get, CancellationToken cancellationToken) in D:\Pimmada Khumdinpithak\Documents\GitHub\template-web-db-api\api\Controllers\v1\PdpaConsentController.cs:line 22
   at lambda_method400(Closure, Object)
   at Microsoft.AspNetCore.Mvc.Infrastructure.ActionMethodExecutor.AwaitableObjectResultExecutor.Execute(ActionContext actionContext, IActionResultTypeMapper mapper, ObjectMethodExecutor executor, Object controller, Object[] arguments)
   at Microsoft.AspNetCore.Mvc.Infrastructure.ControllerActionInvoker.<InvokeActionMethodAsync>g__Awaited|12_0(ControllerActionInvoker invoker, ValueTask`1 actionResultValueTask)
   at Microsoft.AspNetCore.Mvc.Infrastructure.ControllerActionInvoker.<InvokeNextActionFilterAsync>g__Awaited|10_0(ControllerActionInvoker invoker, Task lastTask, State next, Scope scope, Object state, Boolean isCompleted)
   at Microsoft.AspNetCore.Mvc.Infrastructure.ControllerActionInvoker.Rethrow(ActionExecutedContextSealed context)
   at Microsoft.AspNetCore.Mvc.Infrastructure.ControllerActionInvoker.Next(State& next, Scope& scope, Object& state, Boolean& isCompleted)
   at Microsoft.AspNetCore.Mvc.Infrastructure.ControllerActionInvoker.InvokeInnerFilterAsync()
--- End of stack trace from previous location ---
   at Microsoft.AspNetCore.Mvc.Infrastructure.ResourceInvoker.<InvokeNextExceptionFilterAsync>g__Awaited|26_0(ResourceInvoker invoker, Task lastTask, State next, Scope scope, Object state, Boolean isCompleted)
2024-02-21 08:33:20.824 +07:00 [ERR] System.Threading.Tasks.TaskCanceledException: A task was canceled.
   at Npgsql.TaskTimeoutAndCancellation.ExecuteAsync(Func`2 getTaskFunc, NpgsqlTimeout timeout, CancellationToken cancellationToken)
   at Npgsql.TaskTimeoutAndCancellation.ExecuteAsync[TResult](Func`2 getTaskFunc, NpgsqlTimeout timeout, CancellationToken cancellationToken)
   at Npgsql.Internal.NpgsqlConnector.ConnectAsync(NpgsqlTimeout timeout, CancellationToken cancellationToken)
   at Npgsql.Internal.NpgsqlConnector.RawOpen(SslMode sslMode, NpgsqlTimeout timeout, Boolean async, CancellationToken cancellationToken, Boolean isFirstAttempt)
   at Npgsql.Internal.NpgsqlConnector.<Open>g__OpenCore|213_1(NpgsqlConnector conn, SslMode sslMode, NpgsqlTimeout timeout, Boolean async, CancellationToken cancellationToken, Boolean isFirstAttempt)
   at Npgsql.Internal.NpgsqlConnector.Open(NpgsqlTimeout timeout, Boolean async, CancellationToken cancellationToken)
   at Npgsql.PoolingDataSource.OpenNewConnector(NpgsqlConnection conn, NpgsqlTimeout timeout, Boolean async, CancellationToken cancellationToken)
   at Npgsql.PoolingDataSource.<Get>g__RentAsync|34_0(NpgsqlConnection conn, NpgsqlTimeout timeout, Boolean async, CancellationToken cancellationToken)
   at Npgsql.NpgsqlConnection.<Open>g__OpenAsync|42_0(Boolean async, CancellationToken cancellationToken)
   at Microsoft.EntityFrameworkCore.Storage.RelationalConnection.OpenInternalAsync(Boolean errorsExpected, CancellationToken cancellationToken)
   at Microsoft.EntityFrameworkCore.Storage.RelationalConnection.OpenInternalAsync(Boolean errorsExpected, CancellationToken cancellationToken)
   at Microsoft.EntityFrameworkCore.Storage.RelationalConnection.OpenAsync(CancellationToken cancellationToken, Boolean errorsExpected)
   at Microsoft.EntityFrameworkCore.Storage.RelationalCommand.ExecuteReaderAsync(RelationalCommandParameterObject parameterObject, CancellationToken cancellationToken)
   at Microsoft.EntityFrameworkCore.Query.Internal.SingleQueryingEnumerable`1.AsyncEnumerator.InitializeReaderAsync(AsyncEnumerator enumerator, CancellationToken cancellationToken)
   at Npgsql.EntityFrameworkCore.PostgreSQL.Storage.Internal.NpgsqlExecutionStrategy.ExecuteAsync[TState,TResult](TState state, Func`4 operation, Func`4 verifySucceeded, CancellationToken cancellationToken)
   at Microsoft.EntityFrameworkCore.Query.Internal.SingleQueryingEnumerable`1.AsyncEnumerator.MoveNextAsync()
   at Microsoft.EntityFrameworkCore.EntityFrameworkQueryableExtensions.ToListAsync[TSource](IQueryable`1 source, CancellationToken cancellationToken)
   at Microsoft.EntityFrameworkCore.EntityFrameworkQueryableExtensions.ToListAsync[TSource](IQueryable`1 source, CancellationToken cancellationToken)
   at infra.Repositories.Base.QueryRepository`2.GetAsync(Expression`1 predicate, Int32 pageNumber, Int32 pageSize, CancellationToken cancellationToken) in D:\Pimmada Khumdinpithak\Documents\GitHub\template-web-db-api\infra\Repositories\Base\QueryRepository.cs:line 34
   at application.Feature.PDPA.Handler.Queries.PdpaConsentGetHandler.Handle(PdpaConsentGet request, CancellationToken cancellationToken) in D:\Pimmada Khumdinpithak\Documents\GitHub\template-web-db-api\application\Feature\PDPA\Handler\Queries\PdpaConsentGetHandler.cs:line 38
   at application.Behaviours.ValidationBehaviour`2.Handle(TRequest request, RequestHandlerDelegate`1 next, CancellationToken cancellationToken) in D:\Pimmada Khumdinpithak\Documents\GitHub\template-web-db-api\application\Common\Behaviours\ValidationBehaviour.cs:line 34
   at application.Behaviours.UnhandledExceptionBehaviour`2.Handle(TRequest request, RequestHandlerDelegate`1 next, CancellationToken cancellationToken) in D:\Pimmada Khumdinpithak\Documents\GitHub\template-web-db-api\application\Common\Behaviours\UnhandledExceptionBehaviour.cs:line 19
   at MediatR.Pipeline.RequestExceptionProcessorBehavior`2.Handle(TRequest request, RequestHandlerDelegate`1 next, CancellationToken cancellationToken)
   at MediatR.Pipeline.RequestExceptionProcessorBehavior`2.Handle(TRequest request, RequestHandlerDelegate`1 next, CancellationToken cancellationToken)
   at MediatR.Pipeline.RequestExceptionActionProcessorBehavior`2.Handle(TRequest request, RequestHandlerDelegate`1 next, CancellationToken cancellationToken)
   at MediatR.Pipeline.RequestExceptionActionProcessorBehavior`2.Handle(TRequest request, RequestHandlerDelegate`1 next, CancellationToken cancellationToken)
   at MediatR.Pipeline.RequestPreProcessorBehavior`2.Handle(TRequest request, RequestHandlerDelegate`1 next, CancellationToken cancellationToken)
   at MediatR.Pipeline.RequestPostProcessorBehavior`2.Handle(TRequest request, RequestHandlerDelegate`1 next, CancellationToken cancellationToken)
   at api.Controllers.v1.PdpaConsentController.Get(PdpaConsentGet Get, CancellationToken cancellationToken) in D:\Pimmada Khumdinpithak\Documents\GitHub\template-web-db-api\api\Controllers\v1\PdpaConsentController.cs:line 22
   at lambda_method400(Closure, Object)
   at Microsoft.AspNetCore.Mvc.Infrastructure.ActionMethodExecutor.AwaitableObjectResultExecutor.Execute(ActionContext actionContext, IActionResultTypeMapper mapper, ObjectMethodExecutor executor, Object controller, Object[] arguments)
   at Microsoft.AspNetCore.Mvc.Infrastructure.ControllerActionInvoker.<InvokeActionMethodAsync>g__Awaited|12_0(ControllerActionInvoker invoker, ValueTask`1 actionResultValueTask)
   at Microsoft.AspNetCore.Mvc.Infrastructure.ControllerActionInvoker.<InvokeNextActionFilterAsync>g__Awaited|10_0(ControllerActionInvoker invoker, Task lastTask, State next, Scope scope, Object state, Boolean isCompleted)
   at Microsoft.AspNetCore.Mvc.Infrastructure.ControllerActionInvoker.Rethrow(ActionExecutedContextSealed context)
   at Microsoft.AspNetCore.Mvc.Infrastructure.ControllerActionInvoker.Next(State& next, Scope& scope, Object& state, Boolean& isCompleted)
   at Microsoft.AspNetCore.Mvc.Infrastructure.ControllerActionInvoker.InvokeInnerFilterAsync()
--- End of stack trace from previous location ---
   at Microsoft.AspNetCore.Mvc.Infrastructure.ResourceInvoker.<InvokeNextExceptionFilterAsync>g__Awaited|26_0(ResourceInvoker invoker, Task lastTask, State next, Scope scope, Object state, Boolean isCompleted)
2024-02-21 08:33:20.846 +07:00 [INF] Executing ObjectResult, writing value of type 'domain.Common.DTOs.ExceptionMessage'.
2024-02-21 08:33:20.852 +07:00 [INF] Executing ObjectResult, writing value of type 'domain.Common.DTOs.ExceptionMessage'.
2024-02-21 08:33:20.855 +07:00 [INF] Executed DbCommand (200ms) [Parameters=[@__p_1='?' (DbType = Int32), @__p_0='?' (DbType = Int32)], CommandType='"Text"', CommandTimeout='30']
SELECT p."Id", p."Con_Code", p."CreationTime", p."CreatorUserId", p."DeleterUserId", p."DeletionTime", p."DescriptionEN", p."DescriptionTH", p."DescriptionZH", p."IsDeleted", p."LastModificationTime", p."LastModifierUserId", p."Status", p."TitleEN", p."TitleTH", p."TitleZH", p."Version"
FROM "PdpaConsents" AS p
LIMIT @__p_1 OFFSET @__p_0
2024-02-21 08:33:20.862 +07:00 [INF] Executed action api.Controllers.v1.PdpaConsentController.Get (api) in 2850.1793ms
2024-02-21 08:33:20.862 +07:00 [INF] Executed action api.Controllers.v1.PdpaConsentController.Get (api) in 4461.6931ms
2024-02-21 08:33:20.868 +07:00 [INF] Executed endpoint 'api.Controllers.v1.PdpaConsentController.Get (api)'
2024-02-21 08:33:20.868 +07:00 [INF] Executed endpoint 'api.Controllers.v1.PdpaConsentController.Get (api)'
2024-02-21 08:33:20.875 +07:00 [INF] Request finished HTTP/2 POST https://localhost:7095/api/v1/pdpa-consent-get - 499 null application/json; charset=utf-8 4573.0733ms
2024-02-21 08:33:20.878 +07:00 [INF] Request finished HTTP/2 POST https://localhost:7095/api/v1/pdpa-consent-get - 499 null application/json; charset=utf-8 2884.352ms
2024-02-21 08:33:20.937 +07:00 [INF] Executed DbCommand (5ms) [Parameters=[], CommandType='"Text"', CommandTimeout='30']
SELECT count(*)::int
FROM "PdpaConsents" AS p
2024-02-21 08:33:20.940 +07:00 [INF] Completed handling PdpaConsentGet - "00:00:01.9598838"
2024-02-21 08:33:20.943 +07:00 [INF] Executing OkObjectResult, writing value of type 'domain.Common.DTO.ResultResponse`1[[System.Collections.Generic.List`1[[application.Feature.PDPA.DTO.PdpaConsentDto, application, Version=1.0.0.0, Culture=neutral, PublicKeyToken=null]], System.Private.CoreLib, Version=8.0.0.0, Culture=neutral, PublicKeyToken=7cec85d7bea7798e]]'.
2024-02-21 08:33:20.965 +07:00 [INF] Executed action api.Controllers.v1.PdpaConsentController.Get (api) in 1984.762ms
2024-02-21 08:33:20.968 +07:00 [INF] Executed endpoint 'api.Controllers.v1.PdpaConsentController.Get (api)'
2024-02-21 08:33:20.970 +07:00 [INF] Request finished HTTP/2 POST https://localhost:7095/api/v1/pdpa-consent-get - 200 null application/json; charset=utf-8 2012.7271ms
2024-02-21 08:39:21.470 +07:00 [INF] Request starting HTTP/2 OPTIONS https://localhost:7095/api/v1/pdpa-consent-get - null null
2024-02-21 08:39:21.478 +07:00 [INF] CORS policy execution successful.
2024-02-21 08:39:21.480 +07:00 [INF] Request finished HTTP/2 OPTIONS https://localhost:7095/api/v1/pdpa-consent-get - 204 null null 10.3321ms
2024-02-21 08:39:21.483 +07:00 [INF] Request starting HTTP/2 POST https://localhost:7095/api/v1/pdpa-consent-get - application/json 62
2024-02-21 08:39:21.485 +07:00 [INF] CORS policy execution successful.
2024-02-21 08:39:21.485 +07:00 [INF] Executing endpoint 'api.Controllers.v1.PdpaConsentController.Get (api)'
2024-02-21 08:39:21.486 +07:00 [INF] Route matched with {action = "Get", controller = "PdpaConsent"}. Executing controller action with signature System.Threading.Tasks.Task`1[Microsoft.AspNetCore.Mvc.ActionResult`1[domain.Common.DTO.ResultResponse`1[System.Collections.Generic.List`1[application.Feature.PDPA.DTO.PdpaConsentDto]]]] Get(application.Feature.PDPA.Queries.PdpaConsentGet, System.Threading.CancellationToken) on controller api.Controllers.v1.PdpaConsentController (api).
2024-02-21 08:39:21.489 +07:00 [INF] Start handling PdpaConsentGet 
2024-02-21 08:39:21.547 +07:00 [INF] Executed DbCommand (3ms) [Parameters=[@__p_1='?' (DbType = Int32), @__p_0='?' (DbType = Int32)], CommandType='"Text"', CommandTimeout='30']
SELECT p."Id", p."Con_Code", p."CreationTime", p."CreatorUserId", p."DeleterUserId", p."DeletionTime", p."DescriptionEN", p."DescriptionTH", p."DescriptionZH", p."IsDeleted", p."LastModificationTime", p."LastModifierUserId", p."Status", p."TitleEN", p."TitleTH", p."TitleZH", p."Version"
FROM "PdpaConsents" AS p
LIMIT @__p_1 OFFSET @__p_0
2024-02-21 08:39:21.552 +07:00 [INF] Executed DbCommand (1ms) [Parameters=[], CommandType='"Text"', CommandTimeout='30']
SELECT count(*)::int
FROM "PdpaConsents" AS p
2024-02-21 08:39:21.554 +07:00 [INF] Completed handling PdpaConsentGet - "00:00:00.0650608"
2024-02-21 08:39:21.555 +07:00 [INF] Executing OkObjectResult, writing value of type 'domain.Common.DTO.ResultResponse`1[[System.Collections.Generic.List`1[[application.Feature.PDPA.DTO.PdpaConsentDto, application, Version=1.0.0.0, Culture=neutral, PublicKeyToken=null]], System.Private.CoreLib, Version=8.0.0.0, Culture=neutral, PublicKeyToken=7cec85d7bea7798e]]'.
2024-02-21 08:39:21.557 +07:00 [INF] Executed action api.Controllers.v1.PdpaConsentController.Get (api) in 68.6199ms
2024-02-21 08:39:21.558 +07:00 [INF] Executed endpoint 'api.Controllers.v1.PdpaConsentController.Get (api)'
2024-02-21 08:39:21.563 +07:00 [INF] Request finished HTTP/2 POST https://localhost:7095/api/v1/pdpa-consent-get - 200 null application/json; charset=utf-8 80.5777ms
