2024-02-09 21:19:24.745 +07:00 [INF] Executed DbCommand (256ms) [Parameters=[], CommandType='"Text"', CommandTimeout='30']
CREATE DATABASE "TemplateWebAPIDB";
2024-02-09 21:19:24.862 +07:00 [INF] Executed DbCommand (7ms) [Parameters=[], CommandType='"Text"', CommandTimeout='30']
CREATE TABLE "__EFMigrationsHistory" (
    "MigrationId" character varying(150) NOT NULL,
    "ProductVersion" character varying(32) NOT NULL,
    CONSTRAINT "PK___EFMigrationsHistory" PRIMARY KEY ("MigrationId")
);
2024-02-09 21:19:24.902 +07:00 [INF] Executed DbCommand (16ms) [Parameters=[], CommandType='"Text"', CommandTimeout='30']
SELECT EXISTS (
    SELECT 1 FROM pg_catalog.pg_class c
    JOIN pg_catalog.pg_namespace n ON n.oid=c.relnamespace
    WHERE n.nspname='public' AND
          c.relname='__EFMigrationsHistory'
)
2024-02-09 21:19:24.906 +07:00 [INF] Executed DbCommand (1ms) [Parameters=[], CommandType='"Text"', CommandTimeout='30']
SELECT "MigrationId", "ProductVersion"
FROM "__EFMigrationsHistory"
ORDER BY "MigrationId";
2024-02-09 21:19:24.913 +07:00 [INF] Applying migration '20240209141900_IntialCreate'.
2024-02-09 21:19:24.929 +07:00 [INF] Executed DbCommand (4ms) [Parameters=[], CommandType='"Text"', CommandTimeout='30']
CREATE TABLE "PdpaPrivacy" (
    "Id" int GENERATED BY DEFAULT AS IDENTITY,
    "PP_Code" character varying(10) NOT NULL,
    "Status" integer NOT NULL,
    "Version" character varying(10) NOT NULL,
    "TitleTH" text NOT NULL,
    "TitleEN" text NOT NULL,
    "TitleZH" text NOT NULL,
    "DescriptionTH" text NOT NULL,
    "DescriptionEN" text NOT NULL,
    "DescriptionZH" text NOT NULL,
    "CreatorUserId" bigint,
    "CreationTime" timestamp with time zone,
    "LastModifierUserId" bigint,
    "LastModificationTime" timestamp with time zone,
    "DeleterUserId" bigint,
    "DeletionTime" timestamp with time zone,
    "IsDeleted" numeric(20,0) NOT NULL,
    CONSTRAINT "PRIMARY" PRIMARY KEY ("Id")
);
2024-02-09 21:19:24.939 +07:00 [ERR] Failed executing DbCommand (8ms) [Parameters=[], CommandType='"Text"', CommandTimeout='30']
CREATE TABLE pdpa_consent (
    "Id" int GENERATED BY DEFAULT AS IDENTITY,
    "Con_Code" character varying(10) NOT NULL,
    "Status" integer,
    "Version" character varying(10) NOT NULL,
    "TitleTH" text NOT NULL,
    "TitleEN" text NOT NULL,
    "TitleZH" text NOT NULL,
    "DescriptionTH" text NOT NULL,
    "DescriptionEN" text NOT NULL,
    "DescriptionZH" text NOT NULL,
    "CreatorUserId" bigint,
    "CreationTime" timestamp with time zone,
    "LastModifierUserId" bigint,
    "LastModificationTime" timestamp with time zone,
    "DeleterUserId" bigint,
    "DeletionTime" timestamp with time zone,
    "IsDeleted" numeric(20,0) NOT NULL,
    CONSTRAINT "PRIMARY" PRIMARY KEY ("Id")
);
2024-02-09 21:23:13.777 +07:00 [INF] Executed DbCommand (170ms) [Parameters=[], CommandType='"Text"', CommandTimeout='30']
CREATE DATABASE "TemplateWebAPIDB";
2024-02-09 21:23:13.891 +07:00 [INF] Executed DbCommand (4ms) [Parameters=[], CommandType='"Text"', CommandTimeout='30']
CREATE TABLE "__EFMigrationsHistory" (
    "MigrationId" character varying(150) NOT NULL,
    "ProductVersion" character varying(32) NOT NULL,
    CONSTRAINT "PK___EFMigrationsHistory" PRIMARY KEY ("MigrationId")
);
2024-02-09 21:23:13.932 +07:00 [INF] Executed DbCommand (17ms) [Parameters=[], CommandType='"Text"', CommandTimeout='30']
SELECT EXISTS (
    SELECT 1 FROM pg_catalog.pg_class c
    JOIN pg_catalog.pg_namespace n ON n.oid=c.relnamespace
    WHERE n.nspname='public' AND
          c.relname='__EFMigrationsHistory'
)
2024-02-09 21:23:13.936 +07:00 [INF] Executed DbCommand (1ms) [Parameters=[], CommandType='"Text"', CommandTimeout='30']
SELECT "MigrationId", "ProductVersion"
FROM "__EFMigrationsHistory"
ORDER BY "MigrationId";
2024-02-09 21:23:13.943 +07:00 [INF] Applying migration '20240209142307_IntialCreate'.
2024-02-09 21:23:13.960 +07:00 [INF] Executed DbCommand (4ms) [Parameters=[], CommandType='"Text"', CommandTimeout='30']
CREATE TABLE "PdpaPrivacy" (
    "Id" int GENERATED BY DEFAULT AS IDENTITY,
    "PP_Code" character varying(10) NOT NULL,
    "Status" integer NOT NULL,
    "Version" character varying(10) NOT NULL,
    "TitleTH" text NOT NULL,
    "TitleEN" text NOT NULL,
    "TitleZH" text NOT NULL,
    "DescriptionTH" text NOT NULL,
    "DescriptionEN" text NOT NULL,
    "DescriptionZH" text NOT NULL,
    "CreatorUserId" bigint,
    "CreationTime" timestamp with time zone,
    "LastModifierUserId" bigint,
    "LastModificationTime" timestamp with time zone,
    "DeleterUserId" bigint,
    "DeletionTime" timestamp with time zone,
    "IsDeleted" numeric(20,0) NOT NULL,
    CONSTRAINT "PK_PdpaPrivacy" PRIMARY KEY ("Id")
);
2024-02-09 21:23:13.965 +07:00 [INF] Executed DbCommand (3ms) [Parameters=[], CommandType='"Text"', CommandTimeout='30']
CREATE TABLE pdpa_consent (
    "Id" int GENERATED BY DEFAULT AS IDENTITY,
    "Con_Code" character varying(10) NOT NULL,
    "Status" integer,
    "Version" character varying(10) NOT NULL,
    "TitleTH" text NOT NULL,
    "TitleEN" text NOT NULL,
    "TitleZH" text NOT NULL,
    "DescriptionTH" text NOT NULL,
    "DescriptionEN" text NOT NULL,
    "DescriptionZH" text NOT NULL,
    "CreatorUserId" bigint,
    "CreationTime" timestamp with time zone,
    "LastModifierUserId" bigint,
    "LastModificationTime" timestamp with time zone,
    "DeleterUserId" bigint,
    "DeletionTime" timestamp with time zone,
    "IsDeleted" numeric(20,0) NOT NULL,
    CONSTRAINT "PK_pdpa_consent" PRIMARY KEY ("Id")
);
2024-02-09 21:23:13.967 +07:00 [INF] Executed DbCommand (0ms) [Parameters=[], CommandType='"Text"', CommandTimeout='30']
INSERT INTO "__EFMigrationsHistory" ("MigrationId", "ProductVersion")
VALUES ('20240209142307_IntialCreate', '8.0.0');
2024-02-09 21:24:51.661 +07:00 [INF] Executed DbCommand (178ms) [Parameters=[], CommandType='"Text"', CommandTimeout='30']
CREATE DATABASE "TemplateWebAPIDB";
2024-02-09 21:24:51.770 +07:00 [INF] Executed DbCommand (4ms) [Parameters=[], CommandType='"Text"', CommandTimeout='30']
CREATE TABLE "__EFMigrationsHistory" (
    "MigrationId" character varying(150) NOT NULL,
    "ProductVersion" character varying(32) NOT NULL,
    CONSTRAINT "PK___EFMigrationsHistory" PRIMARY KEY ("MigrationId")
);
2024-02-09 21:24:51.810 +07:00 [INF] Executed DbCommand (17ms) [Parameters=[], CommandType='"Text"', CommandTimeout='30']
SELECT EXISTS (
    SELECT 1 FROM pg_catalog.pg_class c
    JOIN pg_catalog.pg_namespace n ON n.oid=c.relnamespace
    WHERE n.nspname='public' AND
          c.relname='__EFMigrationsHistory'
)
2024-02-09 21:24:51.814 +07:00 [INF] Executed DbCommand (1ms) [Parameters=[], CommandType='"Text"', CommandTimeout='30']
SELECT "MigrationId", "ProductVersion"
FROM "__EFMigrationsHistory"
ORDER BY "MigrationId";
2024-02-09 21:24:51.821 +07:00 [INF] No migrations were applied. The database is already up to date.
2024-02-09 21:25:13.652 +07:00 [INF] Executed DbCommand (183ms) [Parameters=[], CommandType='"Text"', CommandTimeout='30']
CREATE DATABASE "TemplateWebAPIDB";
2024-02-09 21:25:13.764 +07:00 [INF] Executed DbCommand (4ms) [Parameters=[], CommandType='"Text"', CommandTimeout='30']
CREATE TABLE "__EFMigrationsHistory" (
    "MigrationId" character varying(150) NOT NULL,
    "ProductVersion" character varying(32) NOT NULL,
    CONSTRAINT "PK___EFMigrationsHistory" PRIMARY KEY ("MigrationId")
);
2024-02-09 21:25:13.805 +07:00 [INF] Executed DbCommand (17ms) [Parameters=[], CommandType='"Text"', CommandTimeout='30']
SELECT EXISTS (
    SELECT 1 FROM pg_catalog.pg_class c
    JOIN pg_catalog.pg_namespace n ON n.oid=c.relnamespace
    WHERE n.nspname='public' AND
          c.relname='__EFMigrationsHistory'
)
2024-02-09 21:25:13.808 +07:00 [INF] Executed DbCommand (1ms) [Parameters=[], CommandType='"Text"', CommandTimeout='30']
SELECT "MigrationId", "ProductVersion"
FROM "__EFMigrationsHistory"
ORDER BY "MigrationId";
2024-02-09 21:25:13.815 +07:00 [INF] Applying migration '20240209142507_IntialCreate'.
2024-02-09 21:25:13.830 +07:00 [INF] Executed DbCommand (3ms) [Parameters=[], CommandType='"Text"', CommandTimeout='30']
CREATE TABLE "PdpaConsents" (
    "Id" int GENERATED BY DEFAULT AS IDENTITY,
    "Con_Code" character varying(10) NOT NULL,
    "Status" integer,
    "Version" character varying(10) NOT NULL,
    "TitleTH" text NOT NULL,
    "TitleEN" text NOT NULL,
    "TitleZH" text NOT NULL,
    "DescriptionTH" text NOT NULL,
    "DescriptionEN" text NOT NULL,
    "DescriptionZH" text NOT NULL,
    "CreatorUserId" bigint,
    "CreationTime" timestamp with time zone,
    "LastModifierUserId" bigint,
    "LastModificationTime" timestamp with time zone,
    "DeleterUserId" bigint,
    "DeletionTime" timestamp with time zone,
    "IsDeleted" numeric(20,0) NOT NULL,
    CONSTRAINT "PK_PdpaConsents" PRIMARY KEY ("Id")
);
2024-02-09 21:25:13.836 +07:00 [INF] Executed DbCommand (3ms) [Parameters=[], CommandType='"Text"', CommandTimeout='30']
CREATE TABLE "PdpaPrivacy" (
    "Id" int GENERATED BY DEFAULT AS IDENTITY,
    "PP_Code" character varying(10) NOT NULL,
    "Status" integer NOT NULL,
    "Version" character varying(10) NOT NULL,
    "TitleTH" text NOT NULL,
    "TitleEN" text NOT NULL,
    "TitleZH" text NOT NULL,
    "DescriptionTH" text NOT NULL,
    "DescriptionEN" text NOT NULL,
    "DescriptionZH" text NOT NULL,
    "CreatorUserId" bigint,
    "CreationTime" timestamp with time zone,
    "LastModifierUserId" bigint,
    "LastModificationTime" timestamp with time zone,
    "DeleterUserId" bigint,
    "DeletionTime" timestamp with time zone,
    "IsDeleted" numeric(20,0) NOT NULL,
    CONSTRAINT "PK_PdpaPrivacy" PRIMARY KEY ("Id")
);
2024-02-09 21:25:13.839 +07:00 [INF] Executed DbCommand (0ms) [Parameters=[], CommandType='"Text"', CommandTimeout='30']
INSERT INTO "__EFMigrationsHistory" ("MigrationId", "ProductVersion")
VALUES ('20240209142507_IntialCreate', '8.0.0');
2024-02-09 21:34:51.982 +07:00 [INF] Executed DbCommand (186ms) [Parameters=[], CommandType='"Text"', CommandTimeout='30']
CREATE DATABASE "TemplateWebAPIDB";
2024-02-09 21:34:52.101 +07:00 [INF] Executed DbCommand (9ms) [Parameters=[], CommandType='"Text"', CommandTimeout='30']
CREATE TABLE "__EFMigrationsHistory" (
    "MigrationId" character varying(150) NOT NULL,
    "ProductVersion" character varying(32) NOT NULL,
    CONSTRAINT "PK___EFMigrationsHistory" PRIMARY KEY ("MigrationId")
);
2024-02-09 21:34:52.142 +07:00 [INF] Executed DbCommand (18ms) [Parameters=[], CommandType='"Text"', CommandTimeout='30']
SELECT EXISTS (
    SELECT 1 FROM pg_catalog.pg_class c
    JOIN pg_catalog.pg_namespace n ON n.oid=c.relnamespace
    WHERE n.nspname='public' AND
          c.relname='__EFMigrationsHistory'
)
2024-02-09 21:34:52.146 +07:00 [INF] Executed DbCommand (1ms) [Parameters=[], CommandType='"Text"', CommandTimeout='30']
SELECT "MigrationId", "ProductVersion"
FROM "__EFMigrationsHistory"
ORDER BY "MigrationId";
2024-02-09 21:34:52.153 +07:00 [INF] Applying migration '20240209143438_IntialCreate'.
2024-02-09 21:34:52.175 +07:00 [INF] Executed DbCommand (5ms) [Parameters=[], CommandType='"Text"', CommandTimeout='30']
CREATE TABLE "PdpaConsents" (
    "Id" int GENERATED BY DEFAULT AS IDENTITY,
    "Con_Code" character varying(10) NOT NULL,
    "Status" integer,
    "Version" character varying(10) NOT NULL,
    "TitleTH" text NOT NULL,
    "TitleEN" text NOT NULL,
    "TitleZH" text NOT NULL,
    "DescriptionTH" text NOT NULL,
    "DescriptionEN" text NOT NULL,
    "DescriptionZH" text NOT NULL,
    "CreatorUserId" bigint,
    "CreationTime" timestamp with time zone,
    "LastModifierUserId" bigint,
    "LastModificationTime" timestamp with time zone,
    "DeleterUserId" bigint,
    "DeletionTime" timestamp with time zone,
    "IsDeleted" numeric(20,0) NOT NULL,
    CONSTRAINT "PK_PdpaConsents" PRIMARY KEY ("Id")
);
2024-02-09 21:34:52.181 +07:00 [INF] Executed DbCommand (4ms) [Parameters=[], CommandType='"Text"', CommandTimeout='30']
CREATE TABLE "PdpaPrivacy" (
    "Id" int GENERATED BY DEFAULT AS IDENTITY,
    "PP_Code" character varying(10) NOT NULL,
    "Status" integer NOT NULL,
    "Version" character varying(10) NOT NULL,
    "TitleTH" text NOT NULL,
    "TitleEN" text NOT NULL,
    "TitleZH" text NOT NULL,
    "DescriptionTH" text NOT NULL,
    "DescriptionEN" text NOT NULL,
    "DescriptionZH" text NOT NULL,
    "CreatorUserId" bigint,
    "CreationTime" timestamp with time zone,
    "LastModifierUserId" bigint,
    "LastModificationTime" timestamp with time zone,
    "DeleterUserId" bigint,
    "DeletionTime" timestamp with time zone,
    "IsDeleted" numeric(20,0) NOT NULL,
    CONSTRAINT "PK_PdpaPrivacy" PRIMARY KEY ("Id")
);
2024-02-09 21:34:52.185 +07:00 [INF] Executed DbCommand (1ms) [Parameters=[], CommandType='"Text"', CommandTimeout='30']
INSERT INTO "__EFMigrationsHistory" ("MigrationId", "ProductVersion")
VALUES ('20240209143438_IntialCreate', '8.0.0');
2024-02-09 21:35:15.573 +07:00 [INF] Now listening on: https://localhost:7095
2024-02-09 21:35:15.583 +07:00 [INF] Now listening on: http://localhost:5291
2024-02-09 21:35:15.585 +07:00 [INF] Application started. Press Ctrl+C to shut down.
2024-02-09 21:35:15.585 +07:00 [INF] Hosting environment: Development
2024-02-09 21:35:15.586 +07:00 [INF] Content root path: C:\Users\Admins\Desktop\myCode\C_#\template-web-db-api\api
2024-02-09 21:35:18.778 +07:00 [INF] Request starting HTTP/2 GET https://localhost:7095/swagger - null null
2024-02-09 21:35:18.908 +07:00 [INF] Request finished HTTP/2 GET https://localhost:7095/swagger - 301 0 null 133.2908ms
2024-02-09 21:35:18.914 +07:00 [INF] Request starting HTTP/2 GET https://localhost:7095/swagger/index.html - null null
2024-02-09 21:35:18.979 +07:00 [INF] Request finished HTTP/2 GET https://localhost:7095/swagger/index.html - 200 null text/html;charset=utf-8 65.2204ms
2024-02-09 21:35:18.985 +07:00 [INF] Request starting HTTP/2 GET https://localhost:7095/swagger/swagger-ui-bundle.js - null null
2024-02-09 21:35:18.985 +07:00 [INF] Request starting HTTP/2 GET https://localhost:7095/swagger/swagger-ui.css - null null
2024-02-09 21:35:18.995 +07:00 [INF] Request starting HTTP/2 GET https://localhost:7095/swagger/swagger-ui-standalone-preset.js - null null
2024-02-09 21:35:18.995 +07:00 [INF] Request starting HTTP/2 GET https://localhost:7095/_framework/aspnetcore-browser-refresh.js - null null
2024-02-09 21:35:19.001 +07:00 [INF] Request starting HTTP/2 GET https://localhost:7095/_vs/browserLink - null null
2024-02-09 21:35:19.012 +07:00 [INF] Request finished HTTP/2 GET https://localhost:7095/_framework/aspnetcore-browser-refresh.js - 200 13742 application/javascript; charset=utf-8 27.1682ms
2024-02-09 21:35:19.037 +07:00 [INF] Sending file. Request path: '/swagger-ui.css'. Physical path: 'N/A'
2024-02-09 21:35:19.037 +07:00 [INF] Sending file. Request path: '/swagger-ui-standalone-preset.js'. Physical path: 'N/A'
2024-02-09 21:35:19.042 +07:00 [INF] Request finished HTTP/2 GET https://localhost:7095/swagger/swagger-ui.css - 200 144929 text/css 54.7683ms
2024-02-09 21:35:19.046 +07:00 [INF] Request finished HTTP/2 GET https://localhost:7095/swagger/swagger-ui-standalone-preset.js - 200 312163 text/javascript 56.6354ms
2024-02-09 21:35:19.057 +07:00 [INF] Sending file. Request path: '/swagger-ui-bundle.js'. Physical path: 'N/A'
2024-02-09 21:35:19.059 +07:00 [INF] Request finished HTTP/2 GET https://localhost:7095/swagger/swagger-ui-bundle.js - 200 1061536 text/javascript 74.1661ms
2024-02-09 21:35:19.075 +07:00 [INF] Request finished HTTP/2 GET https://localhost:7095/_vs/browserLink - 200 null text/javascript; charset=UTF-8 79.6533ms
2024-02-09 21:35:19.183 +07:00 [INF] Request starting HTTP/2 GET https://localhost:7095/swagger/v1/swagger.json - null null
2024-02-09 21:35:19.197 +07:00 [INF] Request starting HTTP/2 GET https://localhost:7095/swagger/favicon-32x32.png - null null
2024-02-09 21:35:19.203 +07:00 [INF] Sending file. Request path: '/favicon-32x32.png'. Physical path: 'N/A'
2024-02-09 21:35:19.205 +07:00 [INF] Request finished HTTP/2 GET https://localhost:7095/swagger/favicon-32x32.png - 200 628 image/png 8.099ms
2024-02-09 21:35:19.280 +07:00 [INF] Request finished HTTP/2 GET https://localhost:7095/swagger/v1/swagger.json - 200 null application/json;charset=utf-8 97.3524ms
2024-02-09 21:35:24.068 +07:00 [INF] Request starting HTTP/2 POST https://localhost:7095/api/v1/pdpa-privacy-get - application/json 78
2024-02-09 21:35:24.091 +07:00 [INF] CORS policy execution successful.
2024-02-09 21:35:24.094 +07:00 [INF] Executing endpoint 'api.Controllers.v1.PdpaPrivacyController.Get (api)'
2024-02-09 21:35:24.119 +07:00 [INF] Route matched with {action = "Get", controller = "PdpaPrivacy"}. Executing controller action with signature System.Threading.Tasks.Task`1[Microsoft.AspNetCore.Mvc.ActionResult`1[domain.Common.DTO.ResultResponse`1[System.Collections.Generic.List`1[application.Feature.PDPA.DTO.PdpaPrivacyDTO]]]] Get(application.Feature.PDPA.Queries.PdpaPrivacyGet, System.Threading.CancellationToken) on controller api.Controllers.v1.PdpaPrivacyController (api).
2024-02-09 21:35:24.166 +07:00 [INF] Start handling PdpaPrivacyGet 
2024-02-09 21:35:24.997 +07:00 [WRN] The query uses a row limiting operator ('Skip'/'Take') without an 'OrderBy' operator. This may lead to unpredictable results. If the 'Distinct' operator is used after 'OrderBy', then make sure to use the 'OrderBy' operator after 'Distinct' as the ordering would otherwise get erased.
2024-02-09 21:35:24.999 +07:00 [WRN] The query uses a row limiting operator ('Skip'/'Take') without an 'OrderBy' operator. This may lead to unpredictable results. If the 'Distinct' operator is used after 'OrderBy', then make sure to use the 'OrderBy' operator after 'Distinct' as the ordering would otherwise get erased.
2024-02-09 21:35:25.280 +07:00 [INF] Executed DbCommand (53ms) [Parameters=[@__p_1='?' (DbType = Int32), @__p_0='?' (DbType = Int32)], CommandType='"Text"', CommandTimeout='30']
SELECT p."Id", p."CreationTime", p."CreatorUserId", p."DeleterUserId", p."DeletionTime", p."DescriptionEN", p."DescriptionTH", p."DescriptionZH", p."IsDeleted", p."LastModificationTime", p."LastModifierUserId", p."PP_Code", p."Status", p."TitleEN", p."TitleTH", p."TitleZH", p."Version"
FROM "PdpaPrivacy" AS p
LIMIT @__p_1 OFFSET @__p_0
2024-02-09 21:35:25.350 +07:00 [INF] Executed DbCommand (2ms) [Parameters=[], CommandType='"Text"', CommandTimeout='30']
SELECT count(*)::int
FROM "PdpaPrivacy" AS p
2024-02-09 21:35:25.361 +07:00 [INF] Completed handling PdpaPrivacyGet - "00:00:01.1957686"
2024-02-09 21:35:25.369 +07:00 [INF] Executing OkObjectResult, writing value of type 'domain.Common.DTO.ResultResponse`1[[System.Collections.Generic.List`1[[application.Feature.PDPA.DTO.PdpaPrivacyDTO, application, Version=1.0.0.0, Culture=neutral, PublicKeyToken=null]], System.Private.CoreLib, Version=8.0.0.0, Culture=neutral, PublicKeyToken=7cec85d7bea7798e]]'.
2024-02-09 21:35:25.391 +07:00 [INF] Executed action api.Controllers.v1.PdpaPrivacyController.Get (api) in 1266.3122ms
2024-02-09 21:35:25.392 +07:00 [INF] Executed endpoint 'api.Controllers.v1.PdpaPrivacyController.Get (api)'
2024-02-09 21:35:25.399 +07:00 [INF] Request finished HTTP/2 POST https://localhost:7095/api/v1/pdpa-privacy-get - 200 null application/json; charset=utf-8 1331.2952ms
2024-02-09 21:47:36.301 +07:00 [INF] Request starting HTTP/1.1 POST https://localhost:7095/api/v1/pdpa-privacy-get - application/json 24
2024-02-09 21:47:36.304 +07:00 [INF] Executing endpoint 'api.Controllers.v1.PdpaPrivacyController.Get (api)'
2024-02-09 21:47:36.305 +07:00 [INF] Route matched with {action = "Get", controller = "PdpaPrivacy"}. Executing controller action with signature System.Threading.Tasks.Task`1[Microsoft.AspNetCore.Mvc.ActionResult`1[domain.Common.DTO.ResultResponse`1[System.Collections.Generic.List`1[application.Feature.PDPA.DTO.PdpaPrivacyDTO]]]] Get(application.Feature.PDPA.Queries.PdpaPrivacyGet, System.Threading.CancellationToken) on controller api.Controllers.v1.PdpaPrivacyController (api).
2024-02-09 21:47:36.312 +07:00 [INF] Executing BadRequestObjectResult, writing value of type 'Microsoft.AspNetCore.Mvc.ValidationProblemDetails'.
2024-02-09 21:47:36.320 +07:00 [INF] Executed action api.Controllers.v1.PdpaPrivacyController.Get (api) in 12.6784ms
2024-02-09 21:47:36.321 +07:00 [INF] Executed endpoint 'api.Controllers.v1.PdpaPrivacyController.Get (api)'
2024-02-09 21:47:36.324 +07:00 [INF] Request finished HTTP/1.1 POST https://localhost:7095/api/v1/pdpa-privacy-get - 400 null application/json; charset=utf-8 23.6906ms
2024-02-09 21:47:57.301 +07:00 [INF] Request starting HTTP/2 POST https://localhost:7095/api/v1/pdpa-privacy-get - application/json 78
2024-02-09 21:47:57.305 +07:00 [INF] CORS policy execution successful.
2024-02-09 21:47:57.307 +07:00 [INF] Executing endpoint 'api.Controllers.v1.PdpaPrivacyController.Get (api)'
2024-02-09 21:47:57.308 +07:00 [INF] Route matched with {action = "Get", controller = "PdpaPrivacy"}. Executing controller action with signature System.Threading.Tasks.Task`1[Microsoft.AspNetCore.Mvc.ActionResult`1[domain.Common.DTO.ResultResponse`1[System.Collections.Generic.List`1[application.Feature.PDPA.DTO.PdpaPrivacyDTO]]]] Get(application.Feature.PDPA.Queries.PdpaPrivacyGet, System.Threading.CancellationToken) on controller api.Controllers.v1.PdpaPrivacyController (api).
2024-02-09 21:47:57.310 +07:00 [INF] Start handling PdpaPrivacyGet 
2024-02-09 21:47:57.376 +07:00 [INF] Executed DbCommand (3ms) [Parameters=[@__p_1='?' (DbType = Int32), @__p_0='?' (DbType = Int32)], CommandType='"Text"', CommandTimeout='30']
SELECT p."Id", p."CreationTime", p."CreatorUserId", p."DeleterUserId", p."DeletionTime", p."DescriptionEN", p."DescriptionTH", p."DescriptionZH", p."IsDeleted", p."LastModificationTime", p."LastModifierUserId", p."PP_Code", p."Status", p."TitleEN", p."TitleTH", p."TitleZH", p."Version"
FROM "PdpaPrivacy" AS p
LIMIT @__p_1 OFFSET @__p_0
2024-02-09 21:47:57.388 +07:00 [INF] Executed DbCommand (1ms) [Parameters=[], CommandType='"Text"', CommandTimeout='30']
SELECT count(*)::int
FROM "PdpaPrivacy" AS p
2024-02-09 21:47:57.389 +07:00 [INF] Completed handling PdpaPrivacyGet - "00:00:00.0795690"
2024-02-09 21:47:57.390 +07:00 [INF] Executing OkObjectResult, writing value of type 'domain.Common.DTO.ResultResponse`1[[System.Collections.Generic.List`1[[application.Feature.PDPA.DTO.PdpaPrivacyDTO, application, Version=1.0.0.0, Culture=neutral, PublicKeyToken=null]], System.Private.CoreLib, Version=8.0.0.0, Culture=neutral, PublicKeyToken=7cec85d7bea7798e]]'.
2024-02-09 21:47:57.396 +07:00 [INF] Executed action api.Controllers.v1.PdpaPrivacyController.Get (api) in 86.45ms
2024-02-09 21:47:57.397 +07:00 [INF] Executed endpoint 'api.Controllers.v1.PdpaPrivacyController.Get (api)'
2024-02-09 21:47:57.398 +07:00 [INF] Request finished HTTP/2 POST https://localhost:7095/api/v1/pdpa-privacy-get - 200 null application/json; charset=utf-8 99.6994ms
