2024-02-14 14:40:36.488 +07:00 [INF] Now listening on: https://localhost:7095
2024-02-14 14:40:36.503 +07:00 [INF] Now listening on: http://localhost:5291
2024-02-14 14:40:36.505 +07:00 [INF] Application started. Press Ctrl+C to shut down.
2024-02-14 14:40:36.506 +07:00 [INF] Hosting environment: Development
2024-02-14 14:40:36.507 +07:00 [INF] Content root path: D:\Pimmada Khumdinpithak\Documents\GitHub\template-web-db-api\api
2024-02-14 14:40:39.334 +07:00 [INF] Request starting HTTP/2 GET https://localhost:7095/swagger/index.html - null null
2024-02-14 14:40:39.734 +07:00 [INF] Request starting HTTP/2 GET https://localhost:7095/_framework/aspnetcore-browser-refresh.js - null null
2024-02-14 14:40:39.748 +07:00 [INF] Request starting HTTP/2 GET https://localhost:7095/_vs/browserLink - null null
2024-02-14 14:40:39.780 +07:00 [INF] Request finished HTTP/2 GET https://localhost:7095/swagger/index.html - 200 null text/html;charset=utf-8 458.565ms
2024-02-14 14:40:39.780 +07:00 [INF] Request finished HTTP/2 GET https://localhost:7095/_framework/aspnetcore-browser-refresh.js - 200 13742 application/javascript; charset=utf-8 35.5534ms
2024-02-14 14:40:39.874 +07:00 [INF] Request finished HTTP/2 GET https://localhost:7095/_vs/browserLink - 200 null text/javascript; charset=UTF-8 138.763ms
2024-02-14 14:40:39.966 +07:00 [INF] Request starting HTTP/2 GET https://localhost:7095/swagger/v1/swagger.json - null null
2024-02-14 14:40:40.159 +07:00 [INF] Request finished HTTP/2 GET https://localhost:7095/swagger/v1/swagger.json - 200 null application/json;charset=utf-8 192.9034ms
2024-02-14 14:40:46.533 +07:00 [INF] Request starting HTTP/2 OPTIONS https://localhost:7095/api/v1/pdpa-privacy-get - null null
2024-02-14 14:40:46.561 +07:00 [INF] CORS policy execution successful.
2024-02-14 14:40:46.565 +07:00 [INF] Request finished HTTP/2 OPTIONS https://localhost:7095/api/v1/pdpa-privacy-get - 204 null null 31.8582ms
2024-02-14 14:40:46.569 +07:00 [INF] Request starting HTTP/2 POST https://localhost:7095/api/v1/pdpa-privacy-get - application/json 62
2024-02-14 14:40:46.572 +07:00 [INF] CORS policy execution successful.
2024-02-14 14:40:46.574 +07:00 [INF] Executing endpoint 'api.Controllers.v1.PdpaPrivacyController.Get (api)'
2024-02-14 14:40:46.602 +07:00 [INF] Route matched with {action = "Get", controller = "PdpaPrivacy"}. Executing controller action with signature System.Threading.Tasks.Task`1[Microsoft.AspNetCore.Mvc.ActionResult`1[domain.Common.DTO.ResultResponse`1[System.Collections.Generic.List`1[application.Feature.PDPA.DTO.PdpaPrivacyDTO]]]] Get(application.Feature.PDPA.Queries.PdpaPrivacyGet, System.Threading.CancellationToken) on controller api.Controllers.v1.PdpaPrivacyController (api).
2024-02-14 14:40:46.664 +07:00 [INF] Start handling PdpaPrivacyGet 
2024-02-14 14:40:47.574 +07:00 [WRN] The query uses a row limiting operator ('Skip'/'Take') without an 'OrderBy' operator. This may lead to unpredictable results. If the 'Distinct' operator is used after 'OrderBy', then make sure to use the 'OrderBy' operator after 'Distinct' as the ordering would otherwise get erased.
2024-02-14 14:40:47.576 +07:00 [WRN] The query uses a row limiting operator ('Skip'/'Take') without an 'OrderBy' operator. This may lead to unpredictable results. If the 'Distinct' operator is used after 'OrderBy', then make sure to use the 'OrderBy' operator after 'Distinct' as the ordering would otherwise get erased.
2024-02-14 14:40:48.049 +07:00 [INF] Executed DbCommand (53ms) [Parameters=[@__p_1='?' (DbType = Int32), @__p_0='?' (DbType = Int32)], CommandType='"Text"', CommandTimeout='30']
SELECT p."Id", p."CreationTime", p."CreatorUserId", p."DeleterUserId", p."DeletionTime", p."DescriptionEN", p."DescriptionTH", p."DescriptionZH", p."IsDeleted", p."LastModificationTime", p."LastModifierUserId", p."PP_Code", p."Status", p."TitleEN", p."TitleTH", p."TitleZH", p."Version"
FROM "PdpaPrivacy" AS p
LIMIT @__p_1 OFFSET @__p_0
2024-02-14 14:40:48.140 +07:00 [INF] Executed DbCommand (4ms) [Parameters=[], CommandType='"Text"', CommandTimeout='30']
SELECT count(*)::int
FROM "PdpaPrivacy" AS p
2024-02-14 14:40:48.144 +07:00 [INF] Completed handling PdpaPrivacyGet - "00:00:01.4810137"
2024-02-14 14:40:48.154 +07:00 [INF] Executing OkObjectResult, writing value of type 'domain.Common.DTO.ResultResponse`1[[System.Collections.Generic.List`1[[application.Feature.PDPA.DTO.PdpaPrivacyDTO, application, Version=1.0.0.0, Culture=neutral, PublicKeyToken=null]], System.Private.CoreLib, Version=8.0.0.0, Culture=neutral, PublicKeyToken=7cec85d7bea7798e]]'.
2024-02-14 14:40:48.184 +07:00 [INF] Executed action api.Controllers.v1.PdpaPrivacyController.Get (api) in 1576.8851ms
2024-02-14 14:40:48.185 +07:00 [INF] Executed endpoint 'api.Controllers.v1.PdpaPrivacyController.Get (api)'
2024-02-14 14:40:48.193 +07:00 [INF] Request finished HTTP/2 POST https://localhost:7095/api/v1/pdpa-privacy-get - 200 null application/json; charset=utf-8 1624.4409ms
2024-02-14 14:51:35.600 +07:00 [INF] Request starting HTTP/2 OPTIONS https://localhost:7095/api/v1/pdpa-privacy-get - null null
2024-02-14 14:51:35.613 +07:00 [INF] CORS policy execution successful.
2024-02-14 14:51:35.614 +07:00 [INF] Request finished HTTP/2 OPTIONS https://localhost:7095/api/v1/pdpa-privacy-get - 204 null null 15.4429ms
2024-02-14 14:51:35.616 +07:00 [INF] Request starting HTTP/2 POST https://localhost:7095/api/v1/pdpa-privacy-get - application/json 62
2024-02-14 14:51:35.617 +07:00 [INF] CORS policy execution successful.
2024-02-14 14:51:35.618 +07:00 [INF] Executing endpoint 'api.Controllers.v1.PdpaPrivacyController.Get (api)'
2024-02-14 14:51:35.619 +07:00 [INF] Route matched with {action = "Get", controller = "PdpaPrivacy"}. Executing controller action with signature System.Threading.Tasks.Task`1[Microsoft.AspNetCore.Mvc.ActionResult`1[domain.Common.DTO.ResultResponse`1[System.Collections.Generic.List`1[application.Feature.PDPA.DTO.PdpaPrivacyDTO]]]] Get(application.Feature.PDPA.Queries.PdpaPrivacyGet, System.Threading.CancellationToken) on controller api.Controllers.v1.PdpaPrivacyController (api).
2024-02-14 14:51:35.621 +07:00 [INF] Start handling PdpaPrivacyGet 
2024-02-14 14:51:35.719 +07:00 [INF] Executed DbCommand (3ms) [Parameters=[@__p_1='?' (DbType = Int32), @__p_0='?' (DbType = Int32)], CommandType='"Text"', CommandTimeout='30']
SELECT p."Id", p."CreationTime", p."CreatorUserId", p."DeleterUserId", p."DeletionTime", p."DescriptionEN", p."DescriptionTH", p."DescriptionZH", p."IsDeleted", p."LastModificationTime", p."LastModifierUserId", p."PP_Code", p."Status", p."TitleEN", p."TitleTH", p."TitleZH", p."Version"
FROM "PdpaPrivacy" AS p
LIMIT @__p_1 OFFSET @__p_0
2024-02-14 14:51:35.722 +07:00 [INF] Executed DbCommand (1ms) [Parameters=[], CommandType='"Text"', CommandTimeout='30']
SELECT count(*)::int
FROM "PdpaPrivacy" AS p
2024-02-14 14:51:35.723 +07:00 [INF] Completed handling PdpaPrivacyGet - "00:00:00.1020550"
2024-02-14 14:51:35.724 +07:00 [INF] Executing OkObjectResult, writing value of type 'domain.Common.DTO.ResultResponse`1[[System.Collections.Generic.List`1[[application.Feature.PDPA.DTO.PdpaPrivacyDTO, application, Version=1.0.0.0, Culture=neutral, PublicKeyToken=null]], System.Private.CoreLib, Version=8.0.0.0, Culture=neutral, PublicKeyToken=7cec85d7bea7798e]]'.
2024-02-14 14:51:35.725 +07:00 [INF] Executed action api.Controllers.v1.PdpaPrivacyController.Get (api) in 105.8581ms
2024-02-14 14:51:35.726 +07:00 [INF] Executed endpoint 'api.Controllers.v1.PdpaPrivacyController.Get (api)'
2024-02-14 14:51:35.728 +07:00 [INF] Request finished HTTP/2 POST https://localhost:7095/api/v1/pdpa-privacy-get - 200 null application/json; charset=utf-8 111.3924ms
2024-02-14 14:55:25.326 +07:00 [INF] Request starting HTTP/2 OPTIONS https://localhost:7095/api/v1/pdpa-privacy-get - null null
2024-02-14 14:55:25.329 +07:00 [INF] CORS policy execution successful.
2024-02-14 14:55:25.329 +07:00 [INF] Request finished HTTP/2 OPTIONS https://localhost:7095/api/v1/pdpa-privacy-get - 204 null null 4.043ms
2024-02-14 14:55:25.332 +07:00 [INF] Request starting HTTP/2 POST https://localhost:7095/api/v1/pdpa-privacy-get - application/json 62
2024-02-14 14:55:25.335 +07:00 [INF] CORS policy execution successful.
2024-02-14 14:55:25.336 +07:00 [INF] Executing endpoint 'api.Controllers.v1.PdpaPrivacyController.Get (api)'
2024-02-14 14:55:25.337 +07:00 [INF] Route matched with {action = "Get", controller = "PdpaPrivacy"}. Executing controller action with signature System.Threading.Tasks.Task`1[Microsoft.AspNetCore.Mvc.ActionResult`1[domain.Common.DTO.ResultResponse`1[System.Collections.Generic.List`1[application.Feature.PDPA.DTO.PdpaPrivacyDTO]]]] Get(application.Feature.PDPA.Queries.PdpaPrivacyGet, System.Threading.CancellationToken) on controller api.Controllers.v1.PdpaPrivacyController (api).
2024-02-14 14:55:25.339 +07:00 [INF] Start handling PdpaPrivacyGet 
2024-02-14 14:55:25.352 +07:00 [INF] Executed DbCommand (2ms) [Parameters=[@__p_1='?' (DbType = Int32), @__p_0='?' (DbType = Int32)], CommandType='"Text"', CommandTimeout='30']
SELECT p."Id", p."CreationTime", p."CreatorUserId", p."DeleterUserId", p."DeletionTime", p."DescriptionEN", p."DescriptionTH", p."DescriptionZH", p."IsDeleted", p."LastModificationTime", p."LastModifierUserId", p."PP_Code", p."Status", p."TitleEN", p."TitleTH", p."TitleZH", p."Version"
FROM "PdpaPrivacy" AS p
LIMIT @__p_1 OFFSET @__p_0
2024-02-14 14:55:25.354 +07:00 [INF] Executed DbCommand (0ms) [Parameters=[], CommandType='"Text"', CommandTimeout='30']
SELECT count(*)::int
FROM "PdpaPrivacy" AS p
2024-02-14 14:55:25.356 +07:00 [INF] Completed handling PdpaPrivacyGet - "00:00:00.0174610"
2024-02-14 14:55:25.357 +07:00 [INF] Executing OkObjectResult, writing value of type 'domain.Common.DTO.ResultResponse`1[[System.Collections.Generic.List`1[[application.Feature.PDPA.DTO.PdpaPrivacyDTO, application, Version=1.0.0.0, Culture=neutral, PublicKeyToken=null]], System.Private.CoreLib, Version=8.0.0.0, Culture=neutral, PublicKeyToken=7cec85d7bea7798e]]'.
2024-02-14 14:55:25.358 +07:00 [INF] Executed action api.Controllers.v1.PdpaPrivacyController.Get (api) in 19.8616ms
2024-02-14 14:55:25.359 +07:00 [INF] Executed endpoint 'api.Controllers.v1.PdpaPrivacyController.Get (api)'
2024-02-14 14:55:25.359 +07:00 [INF] Request finished HTTP/2 POST https://localhost:7095/api/v1/pdpa-privacy-get - 200 null application/json; charset=utf-8 27.3947ms
2024-02-14 14:55:46.101 +07:00 [INF] Request starting HTTP/2 OPTIONS https://localhost:7095/api/v1/pdpa-privacy-get - null null
2024-02-14 14:55:46.115 +07:00 [INF] CORS policy execution successful.
2024-02-14 14:55:46.116 +07:00 [INF] Request finished HTTP/2 OPTIONS https://localhost:7095/api/v1/pdpa-privacy-get - 204 null null 16.4537ms
2024-02-14 14:55:46.120 +07:00 [INF] Request starting HTTP/2 POST https://localhost:7095/api/v1/pdpa-privacy-get - application/json 62
2024-02-14 14:55:46.122 +07:00 [INF] CORS policy execution successful.
2024-02-14 14:55:46.122 +07:00 [INF] Executing endpoint 'api.Controllers.v1.PdpaPrivacyController.Get (api)'
2024-02-14 14:55:46.123 +07:00 [INF] Route matched with {action = "Get", controller = "PdpaPrivacy"}. Executing controller action with signature System.Threading.Tasks.Task`1[Microsoft.AspNetCore.Mvc.ActionResult`1[domain.Common.DTO.ResultResponse`1[System.Collections.Generic.List`1[application.Feature.PDPA.DTO.PdpaPrivacyDTO]]]] Get(application.Feature.PDPA.Queries.PdpaPrivacyGet, System.Threading.CancellationToken) on controller api.Controllers.v1.PdpaPrivacyController (api).
2024-02-14 14:55:46.126 +07:00 [INF] Start handling PdpaPrivacyGet 
2024-02-14 14:55:46.129 +07:00 [INF] Executed DbCommand (1ms) [Parameters=[@__p_1='?' (DbType = Int32), @__p_0='?' (DbType = Int32)], CommandType='"Text"', CommandTimeout='30']
SELECT p."Id", p."CreationTime", p."CreatorUserId", p."DeleterUserId", p."DeletionTime", p."DescriptionEN", p."DescriptionTH", p."DescriptionZH", p."IsDeleted", p."LastModificationTime", p."LastModifierUserId", p."PP_Code", p."Status", p."TitleEN", p."TitleTH", p."TitleZH", p."Version"
FROM "PdpaPrivacy" AS p
LIMIT @__p_1 OFFSET @__p_0
2024-02-14 14:55:46.133 +07:00 [INF] Executed DbCommand (0ms) [Parameters=[], CommandType='"Text"', CommandTimeout='30']
SELECT count(*)::int
FROM "PdpaPrivacy" AS p
2024-02-14 14:55:46.134 +07:00 [INF] Completed handling PdpaPrivacyGet - "00:00:00.0083920"
2024-02-14 14:55:46.135 +07:00 [INF] Executing OkObjectResult, writing value of type 'domain.Common.DTO.ResultResponse`1[[System.Collections.Generic.List`1[[application.Feature.PDPA.DTO.PdpaPrivacyDTO, application, Version=1.0.0.0, Culture=neutral, PublicKeyToken=null]], System.Private.CoreLib, Version=8.0.0.0, Culture=neutral, PublicKeyToken=7cec85d7bea7798e]]'.
2024-02-14 14:55:46.136 +07:00 [INF] Executed action api.Controllers.v1.PdpaPrivacyController.Get (api) in 11.0576ms
2024-02-14 14:55:46.137 +07:00 [INF] Executed endpoint 'api.Controllers.v1.PdpaPrivacyController.Get (api)'
2024-02-14 14:55:46.138 +07:00 [INF] Request finished HTTP/2 POST https://localhost:7095/api/v1/pdpa-privacy-get - 200 null application/json; charset=utf-8 19.1362ms
