2024-02-20 13:58:01.023 +07:00 [INF] Now listening on: https://localhost:7095
2024-02-20 13:58:01.044 +07:00 [INF] Now listening on: http://localhost:5291
2024-02-20 13:58:01.047 +07:00 [INF] Application started. Press Ctrl+C to shut down.
2024-02-20 13:58:01.048 +07:00 [INF] Hosting environment: Development
2024-02-20 13:58:01.048 +07:00 [INF] Content root path: D:\Pimmada Khumdinpithak\Documents\GitHub\template-web-db-api\api
2024-02-20 13:58:03.881 +07:00 [INF] Request starting HTTP/2 GET https://localhost:7095/swagger/index.html - null null
2024-02-20 13:58:04.208 +07:00 [INF] Request finished HTTP/2 GET https://localhost:7095/swagger/index.html - 200 null text/html;charset=utf-8 344.1742ms
2024-02-20 13:58:04.224 +07:00 [INF] Request starting HTTP/2 GET https://localhost:7095/_framework/aspnetcore-browser-refresh.js - null null
2024-02-20 13:58:04.227 +07:00 [INF] Request starting HTTP/2 GET https://localhost:7095/_vs/browserLink - null null
2024-02-20 13:58:04.245 +07:00 [INF] Request finished HTTP/2 GET https://localhost:7095/_framework/aspnetcore-browser-refresh.js - 200 13742 application/javascript; charset=utf-8 21.903ms
2024-02-20 13:58:04.288 +07:00 [INF] Request finished HTTP/2 GET https://localhost:7095/_vs/browserLink - 200 null text/javascript; charset=UTF-8 64.2132ms
2024-02-20 13:58:04.324 +07:00 [INF] Request starting HTTP/2 GET https://localhost:7095/swagger/v1/swagger.json - null null
2024-02-20 13:58:04.402 +07:00 [INF] Request finished HTTP/2 GET https://localhost:7095/swagger/v1/swagger.json - 200 null application/json;charset=utf-8 78.5828ms
2024-02-20 14:00:50.407 +07:00 [INF] Request starting HTTP/2 POST https://localhost:7095/api/v1/pdpa-consent-get - application/json 78
2024-02-20 14:00:50.430 +07:00 [INF] CORS policy execution successful.
2024-02-20 14:00:50.432 +07:00 [INF] Executing endpoint 'api.Controllers.v1.PdpaConsentController.Get (api)'
2024-02-20 14:00:50.452 +07:00 [INF] Route matched with {action = "Get", controller = "PdpaConsent"}. Executing controller action with signature System.Threading.Tasks.Task`1[Microsoft.AspNetCore.Mvc.ActionResult`1[domain.Common.DTO.ResultResponse`1[System.Collections.Generic.List`1[application.Feature.PDPA.DTO.PdpaConsentDto]]]] Get(application.Feature.PDPA.Queries.PdpaConsentGet, System.Threading.CancellationToken) on controller api.Controllers.v1.PdpaConsentController (api).
2024-02-20 14:00:50.491 +07:00 [INF] Start handling PdpaConsentGet 
2024-02-20 14:00:51.340 +07:00 [WRN] The query uses a row limiting operator ('Skip'/'Take') without an 'OrderBy' operator. This may lead to unpredictable results. If the 'Distinct' operator is used after 'OrderBy', then make sure to use the 'OrderBy' operator after 'Distinct' as the ordering would otherwise get erased.
2024-02-20 14:00:51.345 +07:00 [WRN] The query uses a row limiting operator ('Skip'/'Take') without an 'OrderBy' operator. This may lead to unpredictable results. If the 'Distinct' operator is used after 'OrderBy', then make sure to use the 'OrderBy' operator after 'Distinct' as the ordering would otherwise get erased.
2024-02-20 14:00:51.735 +07:00 [INF] Executed DbCommand (43ms) [Parameters=[@__p_1='?' (DbType = Int32), @__p_0='?' (DbType = Int32)], CommandType='"Text"', CommandTimeout='30']
SELECT p."Id", p."Con_Code", p."CreationTime", p."CreatorUserId", p."DeleterUserId", p."DeletionTime", p."DescriptionEN", p."DescriptionTH", p."DescriptionZH", p."IsDeleted", p."LastModificationTime", p."LastModifierUserId", p."Status", p."TitleEN", p."TitleTH", p."TitleZH", p."Version"
FROM "PdpaConsents" AS p
LIMIT @__p_1 OFFSET @__p_0
2024-02-20 14:00:51.805 +07:00 [INF] Executed DbCommand (5ms) [Parameters=[], CommandType='"Text"', CommandTimeout='30']
SELECT count(*)::int
FROM "PdpaConsents" AS p
2024-02-20 14:00:51.808 +07:00 [INF] Completed handling PdpaConsentGet - "00:00:01.3180904"
2024-02-20 14:00:51.818 +07:00 [INF] Executing OkObjectResult, writing value of type 'domain.Common.DTO.ResultResponse`1[[System.Collections.Generic.List`1[[application.Feature.PDPA.DTO.PdpaConsentDto, application, Version=1.0.0.0, Culture=neutral, PublicKeyToken=null]], System.Private.CoreLib, Version=8.0.0.0, Culture=neutral, PublicKeyToken=7cec85d7bea7798e]]'.
2024-02-20 14:00:51.842 +07:00 [INF] Executed action api.Controllers.v1.PdpaConsentController.Get (api) in 1386.7238ms
2024-02-20 14:00:51.845 +07:00 [INF] Executed endpoint 'api.Controllers.v1.PdpaConsentController.Get (api)'
2024-02-20 14:00:51.852 +07:00 [INF] Request finished HTTP/2 POST https://localhost:7095/api/v1/pdpa-consent-get - 200 null application/json; charset=utf-8 1444.4621ms
2024-02-20 14:01:11.715 +07:00 [INF] Request starting HTTP/2 POST https://localhost:7095/api/v1/pdpa-consent-id - application/json 13
2024-02-20 14:01:11.718 +07:00 [INF] CORS policy execution successful.
2024-02-20 14:01:11.718 +07:00 [INF] Executing endpoint 'api.Controllers.v1.PdpaConsentController.GetId (api)'
2024-02-20 14:01:11.723 +07:00 [INF] Route matched with {action = "GetId", controller = "PdpaConsent"}. Executing controller action with signature System.Threading.Tasks.Task`1[Microsoft.AspNetCore.Mvc.ActionResult`1[domain.Common.DTO.ResultResponse`1[System.Collections.Generic.List`1[application.Feature.PDPA.DTO.PdpaConsentDto]]]] GetId(application.Feature.PDPA.Queries.PdpaConsentGetId, System.Threading.CancellationToken) on controller api.Controllers.v1.PdpaConsentController (api).
2024-02-20 14:01:11.731 +07:00 [INF] Start handling PdpaConsentGetId 
2024-02-20 14:01:11.791 +07:00 [INF] Executed DbCommand (1ms) [Parameters=[@__p_0='?' (DbType = Int32)], CommandType='"Text"', CommandTimeout='30']
SELECT p."Id", p."Con_Code", p."CreationTime", p."CreatorUserId", p."DeleterUserId", p."DeletionTime", p."DescriptionEN", p."DescriptionTH", p."DescriptionZH", p."IsDeleted", p."LastModificationTime", p."LastModifierUserId", p."Status", p."TitleEN", p."TitleTH", p."TitleZH", p."Version"
FROM "PdpaConsents" AS p
WHERE p."Id" = @__p_0
LIMIT 1
2024-02-20 14:01:11.833 +07:00 [INF] Completed handling PdpaConsentGetId - "00:00:00.1020425"
2024-02-20 14:01:11.837 +07:00 [INF] Executing OkObjectResult, writing value of type 'domain.Common.DTO.ResultResponse`1[[System.Collections.Generic.List`1[[application.Feature.PDPA.DTO.PdpaConsentDto, application, Version=1.0.0.0, Culture=neutral, PublicKeyToken=null]], System.Private.CoreLib, Version=8.0.0.0, Culture=neutral, PublicKeyToken=7cec85d7bea7798e]]'.
2024-02-20 14:01:11.838 +07:00 [INF] Executed action api.Controllers.v1.PdpaConsentController.GetId (api) in 114.0893ms
2024-02-20 14:01:11.839 +07:00 [INF] Executed endpoint 'api.Controllers.v1.PdpaConsentController.GetId (api)'
2024-02-20 14:01:11.839 +07:00 [INF] Request finished HTTP/2 POST https://localhost:7095/api/v1/pdpa-consent-id - 200 null application/json; charset=utf-8 124.3296ms
2024-02-20 14:01:20.496 +07:00 [INF] Request starting HTTP/2 POST https://localhost:7095/api/v1/pdpa-consent-id - application/json 13
2024-02-20 14:01:20.497 +07:00 [INF] CORS policy execution successful.
2024-02-20 14:01:20.498 +07:00 [INF] Executing endpoint 'api.Controllers.v1.PdpaConsentController.GetId (api)'
2024-02-20 14:01:20.498 +07:00 [INF] Route matched with {action = "GetId", controller = "PdpaConsent"}. Executing controller action with signature System.Threading.Tasks.Task`1[Microsoft.AspNetCore.Mvc.ActionResult`1[domain.Common.DTO.ResultResponse`1[System.Collections.Generic.List`1[application.Feature.PDPA.DTO.PdpaConsentDto]]]] GetId(application.Feature.PDPA.Queries.PdpaConsentGetId, System.Threading.CancellationToken) on controller api.Controllers.v1.PdpaConsentController (api).
2024-02-20 14:01:20.501 +07:00 [INF] Start handling PdpaConsentGetId 
2024-02-20 14:01:20.513 +07:00 [INF] Executed DbCommand (1ms) [Parameters=[@__p_0='?' (DbType = Int32)], CommandType='"Text"', CommandTimeout='30']
SELECT p."Id", p."Con_Code", p."CreationTime", p."CreatorUserId", p."DeleterUserId", p."DeletionTime", p."DescriptionEN", p."DescriptionTH", p."DescriptionZH", p."IsDeleted", p."LastModificationTime", p."LastModifierUserId", p."Status", p."TitleEN", p."TitleTH", p."TitleZH", p."Version"
FROM "PdpaConsents" AS p
WHERE p."Id" = @__p_0
LIMIT 1
2024-02-20 14:01:20.516 +07:00 [INF] PdpaConsentGetIdNot found content
2024-02-20 14:01:20.645 +07:00 [ERR] CleanArchitecture Request: Unhandled Exception for Request PdpaConsentGetId {"Id":2,"$type":"PdpaConsentGetId"}
System.Exception: PdpaConsentGetIdNot found content
   at application.Feature.PDPA.Handler.Queries.PdpaConsentGetIdHandler.Handle(PdpaConsentGetId request, CancellationToken cancellationToken) in D:\Pimmada Khumdinpithak\Documents\GitHub\template-web-db-api\application\Feature\PDPA\Handler\Queries\PdpaConsentGetIdHandler.cs:line 38
   at application.Behaviours.ValidationBehaviour`2.Handle(TRequest request, RequestHandlerDelegate`1 next, CancellationToken cancellationToken) in D:\Pimmada Khumdinpithak\Documents\GitHub\template-web-db-api\application\Common\Behaviours\ValidationBehaviour.cs:line 34
   at application.Behaviours.UnhandledExceptionBehaviour`2.Handle(TRequest request, RequestHandlerDelegate`1 next, CancellationToken cancellationToken) in D:\Pimmada Khumdinpithak\Documents\GitHub\template-web-db-api\application\Common\Behaviours\UnhandledExceptionBehaviour.cs:line 19
2024-02-20 14:01:20.686 +07:00 [ERR] CleanArchitecture Request: Unhandled Exception for Request PdpaConsentGetId {"Id":2,"$type":"PdpaConsentGetId"}
System.Exception: PdpaConsentGetIdNot found content
   at application.Feature.PDPA.Handler.Queries.PdpaConsentGetIdHandler.Handle(PdpaConsentGetId request, CancellationToken cancellationToken) in D:\Pimmada Khumdinpithak\Documents\GitHub\template-web-db-api\application\Feature\PDPA\Handler\Queries\PdpaConsentGetIdHandler.cs:line 38
   at application.Behaviours.ValidationBehaviour`2.Handle(TRequest request, RequestHandlerDelegate`1 next, CancellationToken cancellationToken) in D:\Pimmada Khumdinpithak\Documents\GitHub\template-web-db-api\application\Common\Behaviours\ValidationBehaviour.cs:line 34
   at application.Behaviours.UnhandledExceptionBehaviour`2.Handle(TRequest request, RequestHandlerDelegate`1 next, CancellationToken cancellationToken) in D:\Pimmada Khumdinpithak\Documents\GitHub\template-web-db-api\application\Common\Behaviours\UnhandledExceptionBehaviour.cs:line 19
2024-02-20 14:01:20.719 +07:00 [INF] Completed handling PdpaConsentGetId - "00:00:00.2182449"
2024-02-20 14:01:20.790 +07:00 [ERR] System.Exception: PdpaConsentGetIdNot found content
   at application.Feature.PDPA.Handler.Queries.PdpaConsentGetIdHandler.Handle(PdpaConsentGetId request, CancellationToken cancellationToken) in D:\Pimmada Khumdinpithak\Documents\GitHub\template-web-db-api\application\Feature\PDPA\Handler\Queries\PdpaConsentGetIdHandler.cs:line 38
   at application.Behaviours.ValidationBehaviour`2.Handle(TRequest request, RequestHandlerDelegate`1 next, CancellationToken cancellationToken) in D:\Pimmada Khumdinpithak\Documents\GitHub\template-web-db-api\application\Common\Behaviours\ValidationBehaviour.cs:line 34
   at application.Behaviours.UnhandledExceptionBehaviour`2.Handle(TRequest request, RequestHandlerDelegate`1 next, CancellationToken cancellationToken) in D:\Pimmada Khumdinpithak\Documents\GitHub\template-web-db-api\application\Common\Behaviours\UnhandledExceptionBehaviour.cs:line 19
   at MediatR.Pipeline.RequestExceptionProcessorBehavior`2.Handle(TRequest request, RequestHandlerDelegate`1 next, CancellationToken cancellationToken)
   at MediatR.Pipeline.RequestExceptionProcessorBehavior`2.Handle(TRequest request, RequestHandlerDelegate`1 next, CancellationToken cancellationToken)
   at MediatR.Pipeline.RequestExceptionActionProcessorBehavior`2.Handle(TRequest request, RequestHandlerDelegate`1 next, CancellationToken cancellationToken)
   at MediatR.Pipeline.RequestExceptionActionProcessorBehavior`2.Handle(TRequest request, RequestHandlerDelegate`1 next, CancellationToken cancellationToken)
   at MediatR.Pipeline.RequestPreProcessorBehavior`2.Handle(TRequest request, RequestHandlerDelegate`1 next, CancellationToken cancellationToken)
   at MediatR.Pipeline.RequestPostProcessorBehavior`2.Handle(TRequest request, RequestHandlerDelegate`1 next, CancellationToken cancellationToken)
   at api.Controllers.v1.PdpaConsentController.GetId(PdpaConsentGetId GetId, CancellationToken cancellationToken) in D:\Pimmada Khumdinpithak\Documents\GitHub\template-web-db-api\api\Controllers\v1\PdpaConsentController.cs:line 34
   at lambda_method429(Closure, Object)
   at Microsoft.AspNetCore.Mvc.Infrastructure.ActionMethodExecutor.AwaitableObjectResultExecutor.Execute(ActionContext actionContext, IActionResultTypeMapper mapper, ObjectMethodExecutor executor, Object controller, Object[] arguments)
   at Microsoft.AspNetCore.Mvc.Infrastructure.ControllerActionInvoker.<InvokeActionMethodAsync>g__Awaited|12_0(ControllerActionInvoker invoker, ValueTask`1 actionResultValueTask)
   at Microsoft.AspNetCore.Mvc.Infrastructure.ControllerActionInvoker.<InvokeNextActionFilterAsync>g__Awaited|10_0(ControllerActionInvoker invoker, Task lastTask, State next, Scope scope, Object state, Boolean isCompleted)
   at Microsoft.AspNetCore.Mvc.Infrastructure.ControllerActionInvoker.Rethrow(ActionExecutedContextSealed context)
   at Microsoft.AspNetCore.Mvc.Infrastructure.ControllerActionInvoker.Next(State& next, Scope& scope, Object& state, Boolean& isCompleted)
   at Microsoft.AspNetCore.Mvc.Infrastructure.ControllerActionInvoker.<InvokeInnerFilterAsync>g__Awaited|13_0(ControllerActionInvoker invoker, Task lastTask, State next, Scope scope, Object state, Boolean isCompleted)
   at Microsoft.AspNetCore.Mvc.Infrastructure.ResourceInvoker.<InvokeNextExceptionFilterAsync>g__Awaited|26_0(ResourceInvoker invoker, Task lastTask, State next, Scope scope, Object state, Boolean isCompleted)
2024-02-20 14:01:20.794 +07:00 [INF] Executing ObjectResult, writing value of type 'domain.Common.DTOs.ExceptionMessage'.
2024-02-20 14:01:20.795 +07:00 [INF] Executed action api.Controllers.v1.PdpaConsentController.GetId (api) in 295.2349ms
2024-02-20 14:01:20.796 +07:00 [INF] Executed endpoint 'api.Controllers.v1.PdpaConsentController.GetId (api)'
2024-02-20 14:01:20.798 +07:00 [INF] Request finished HTTP/2 POST https://localhost:7095/api/v1/pdpa-consent-id - 500 null application/json; charset=utf-8 302.1061ms
2024-02-20 14:01:38.750 +07:00 [INF] Request starting HTTP/2 POST https://localhost:7095/api/v1/pdpa-consent-create - application/json 237
2024-02-20 14:01:38.752 +07:00 [INF] CORS policy execution successful.
2024-02-20 14:01:38.752 +07:00 [INF] Executing endpoint 'api.Controllers.v1.PdpaConsentController.updateCreate (api)'
2024-02-20 14:01:38.755 +07:00 [INF] Route matched with {action = "updateCreate", controller = "PdpaConsent"}. Executing controller action with signature System.Threading.Tasks.Task`1[Microsoft.AspNetCore.Mvc.ActionResult`1[domain.Common.DTO.ResultResponse`1[System.Collections.Generic.List`1[application.Feature.PDPA.DTO.PdpaConsentDto]]]] updateCreate(application.Feature.PDPA.Commands.PdpaConsentCreate, System.Threading.CancellationToken) on controller api.Controllers.v1.PdpaConsentController (api).
2024-02-20 14:01:38.763 +07:00 [INF] Start handling PdpaConsentCreate 
2024-02-20 14:01:38.839 +07:00 [INF] Executed DbCommand (11ms) [Parameters=[@p0='?', @p1='?' (DbType = DateTime), @p2='?' (DbType = Int64), @p3='?' (DbType = Int64), @p4='?' (DbType = DateTime), @p5='?', @p6='?', @p7='?', @p8='?' (DbType = Decimal), @p9='?' (DbType = DateTime), @p10='?' (DbType = Int64), @p11='?' (DbType = Int32), @p12='?', @p13='?', @p14='?', @p15='?'], CommandType='"Text"', CommandTimeout='30']
INSERT INTO "PdpaConsents" ("Con_Code", "CreationTime", "CreatorUserId", "DeleterUserId", "DeletionTime", "DescriptionEN", "DescriptionTH", "DescriptionZH", "IsDeleted", "LastModificationTime", "LastModifierUserId", "Status", "TitleEN", "TitleTH", "TitleZH", "Version")
VALUES (@p0, @p1, @p2, @p3, @p4, @p5, @p6, @p7, @p8, @p9, @p10, @p11, @p12, @p13, @p14, @p15)
RETURNING "Id";
2024-02-20 14:01:38.855 +07:00 [INF] Completed handling PdpaConsentCreate - "00:00:00.0916619"
2024-02-20 14:01:38.856 +07:00 [INF] Executing OkObjectResult, writing value of type 'domain.Common.DTO.ResultResponse`1[[System.Collections.Generic.List`1[[System.Boolean, System.Private.CoreLib, Version=8.0.0.0, Culture=neutral, PublicKeyToken=7cec85d7bea7798e]], System.Private.CoreLib, Version=8.0.0.0, Culture=neutral, PublicKeyToken=7cec85d7bea7798e]]'.
2024-02-20 14:01:38.858 +07:00 [INF] Executed action api.Controllers.v1.PdpaConsentController.updateCreate (api) in 102.4695ms
2024-02-20 14:01:38.859 +07:00 [INF] Executed endpoint 'api.Controllers.v1.PdpaConsentController.updateCreate (api)'
2024-02-20 14:01:38.860 +07:00 [INF] Request finished HTTP/2 POST https://localhost:7095/api/v1/pdpa-consent-create - 200 null application/json; charset=utf-8 110.2064ms
2024-02-20 14:01:51.197 +07:00 [INF] Request starting HTTP/2 POST https://localhost:7095/api/v1/pdpa-consent-get - application/json 78
2024-02-20 14:01:51.199 +07:00 [INF] CORS policy execution successful.
2024-02-20 14:01:51.199 +07:00 [INF] Executing endpoint 'api.Controllers.v1.PdpaConsentController.Get (api)'
2024-02-20 14:01:51.200 +07:00 [INF] Route matched with {action = "Get", controller = "PdpaConsent"}. Executing controller action with signature System.Threading.Tasks.Task`1[Microsoft.AspNetCore.Mvc.ActionResult`1[domain.Common.DTO.ResultResponse`1[System.Collections.Generic.List`1[application.Feature.PDPA.DTO.PdpaConsentDto]]]] Get(application.Feature.PDPA.Queries.PdpaConsentGet, System.Threading.CancellationToken) on controller api.Controllers.v1.PdpaConsentController (api).
2024-02-20 14:01:51.201 +07:00 [INF] Start handling PdpaConsentGet 
2024-02-20 14:01:51.204 +07:00 [INF] Executed DbCommand (1ms) [Parameters=[@__p_1='?' (DbType = Int32), @__p_0='?' (DbType = Int32)], CommandType='"Text"', CommandTimeout='30']
SELECT p."Id", p."Con_Code", p."CreationTime", p."CreatorUserId", p."DeleterUserId", p."DeletionTime", p."DescriptionEN", p."DescriptionTH", p."DescriptionZH", p."IsDeleted", p."LastModificationTime", p."LastModifierUserId", p."Status", p."TitleEN", p."TitleTH", p."TitleZH", p."Version"
FROM "PdpaConsents" AS p
LIMIT @__p_1 OFFSET @__p_0
2024-02-20 14:01:51.209 +07:00 [INF] Executed DbCommand (0ms) [Parameters=[], CommandType='"Text"', CommandTimeout='30']
SELECT count(*)::int
FROM "PdpaConsents" AS p
2024-02-20 14:01:51.210 +07:00 [INF] Completed handling PdpaConsentGet - "00:00:00.0081269"
2024-02-20 14:01:51.210 +07:00 [INF] Executing OkObjectResult, writing value of type 'domain.Common.DTO.ResultResponse`1[[System.Collections.Generic.List`1[[application.Feature.PDPA.DTO.PdpaConsentDto, application, Version=1.0.0.0, Culture=neutral, PublicKeyToken=null]], System.Private.CoreLib, Version=8.0.0.0, Culture=neutral, PublicKeyToken=7cec85d7bea7798e]]'.
2024-02-20 14:01:51.211 +07:00 [INF] Executed action api.Controllers.v1.PdpaConsentController.Get (api) in 9.9336ms
2024-02-20 14:01:51.212 +07:00 [INF] Executed endpoint 'api.Controllers.v1.PdpaConsentController.Get (api)'
2024-02-20 14:01:51.212 +07:00 [INF] Request finished HTTP/2 POST https://localhost:7095/api/v1/pdpa-consent-get - 200 null application/json; charset=utf-8 15.5134ms
2024-02-20 14:23:10.312 +07:00 [INF] Now listening on: https://localhost:7095
2024-02-20 14:23:10.326 +07:00 [INF] Now listening on: http://localhost:5291
2024-02-20 14:23:10.327 +07:00 [INF] Application started. Press Ctrl+C to shut down.
2024-02-20 14:23:10.328 +07:00 [INF] Hosting environment: Development
2024-02-20 14:23:10.328 +07:00 [INF] Content root path: D:\Pimmada Khumdinpithak\Documents\GitHub\template-web-db-api\api
2024-02-20 14:23:13.682 +07:00 [INF] Request starting HTTP/2 GET https://localhost:7095/swagger/index.html - null null
2024-02-20 14:23:13.950 +07:00 [INF] Request finished HTTP/2 GET https://localhost:7095/swagger/index.html - 200 null text/html;charset=utf-8 283.5913ms
2024-02-20 14:23:13.966 +07:00 [INF] Request starting HTTP/2 GET https://localhost:7095/_framework/aspnetcore-browser-refresh.js - null null
2024-02-20 14:23:13.966 +07:00 [INF] Request starting HTTP/2 GET https://localhost:7095/_vs/browserLink - null null
2024-02-20 14:23:13.977 +07:00 [INF] Request finished HTTP/2 GET https://localhost:7095/_framework/aspnetcore-browser-refresh.js - 200 13742 application/javascript; charset=utf-8 11.5298ms
2024-02-20 14:23:14.011 +07:00 [INF] Request finished HTTP/2 GET https://localhost:7095/_vs/browserLink - 200 null text/javascript; charset=UTF-8 45.4079ms
2024-02-20 14:23:14.056 +07:00 [INF] Request starting HTTP/2 GET https://localhost:7095/swagger/v1/swagger.json - null null
2024-02-20 14:23:14.145 +07:00 [INF] Request finished HTTP/2 GET https://localhost:7095/swagger/v1/swagger.json - 200 null application/json;charset=utf-8 89.1166ms
2024-02-20 14:23:34.758 +07:00 [INF] Request starting HTTP/2 POST https://localhost:7095/api/v1/pdpa-consent-Update - application/json 256
2024-02-20 14:23:34.798 +07:00 [INF] CORS policy execution successful.
2024-02-20 14:23:34.805 +07:00 [INF] Executing endpoint 'api.Controllers.v1.PdpaConsentController.Update (api)'
2024-02-20 14:23:34.843 +07:00 [INF] Route matched with {action = "Update", controller = "PdpaConsent"}. Executing controller action with signature System.Threading.Tasks.Task`1[Microsoft.AspNetCore.Mvc.ActionResult`1[domain.Common.DTO.ResultResponse`1[System.Collections.Generic.List`1[application.Feature.PDPA.DTO.PdpaConsentDto]]]] Update(application.Feature.PDPA.Commands.PdpaConsentUpdate, System.Threading.CancellationToken) on controller api.Controllers.v1.PdpaConsentController (api).
2024-02-20 14:23:34.919 +07:00 [INF] Start handling PdpaConsentUpdate 
2024-02-20 14:23:36.489 +07:00 [INF] Executed DbCommand (71ms) [Parameters=[@__request_Id_0='?' (DbType = Int32)], CommandType='"Text"', CommandTimeout='30']
SELECT p."Id", p."Con_Code", p."CreationTime", p."CreatorUserId", p."DeleterUserId", p."DeletionTime", p."DescriptionEN", p."DescriptionTH", p."DescriptionZH", p."IsDeleted", p."LastModificationTime", p."LastModifierUserId", p."Status", p."TitleEN", p."TitleTH", p."TitleZH", p."Version"
FROM "PdpaConsents" AS p
WHERE p."Id" = @__request_Id_0
LIMIT 1
2024-02-20 14:23:36.717 +07:00 [INF] Executed DbCommand (12ms) [Parameters=[@p16='?' (DbType = Int32), @p0='?', @p1='?' (DbType = DateTime), @p2='?' (DbType = Int64), @p3='?' (DbType = Int64), @p4='?' (DbType = DateTime), @p5='?', @p6='?', @p7='?', @p8='?' (DbType = Decimal), @p9='?' (DbType = DateTime), @p10='?' (DbType = Int64), @p11='?' (DbType = Int32), @p12='?', @p13='?', @p14='?', @p15='?'], CommandType='"Text"', CommandTimeout='30']
UPDATE "PdpaConsents" SET "Con_Code" = @p0, "CreationTime" = @p1, "CreatorUserId" = @p2, "DeleterUserId" = @p3, "DeletionTime" = @p4, "DescriptionEN" = @p5, "DescriptionTH" = @p6, "DescriptionZH" = @p7, "IsDeleted" = @p8, "LastModificationTime" = @p9, "LastModifierUserId" = @p10, "Status" = @p11, "TitleEN" = @p12, "TitleTH" = @p13, "TitleZH" = @p14, "Version" = @p15
WHERE "Id" = @p16;
2024-02-20 14:23:36.728 +07:00 [INF] Completed handling PdpaConsentUpdate - "00:00:01.8102913"
2024-02-20 14:23:36.742 +07:00 [INF] Executing OkObjectResult, writing value of type 'domain.Common.DTO.ResultResponse`1[[System.Collections.Generic.List`1[[System.Boolean, System.Private.CoreLib, Version=8.0.0.0, Culture=neutral, PublicKeyToken=7cec85d7bea7798e]], System.Private.CoreLib, Version=8.0.0.0, Culture=neutral, PublicKeyToken=7cec85d7bea7798e]]'.
2024-02-20 14:23:36.763 +07:00 [INF] Executed action api.Controllers.v1.PdpaConsentController.Update (api) in 1910.9506ms
2024-02-20 14:23:36.765 +07:00 [INF] Executed endpoint 'api.Controllers.v1.PdpaConsentController.Update (api)'
2024-02-20 14:23:36.773 +07:00 [INF] Request finished HTTP/2 POST https://localhost:7095/api/v1/pdpa-consent-Update - 200 null application/json; charset=utf-8 2014.9304ms
2024-02-20 14:23:54.014 +07:00 [INF] Request starting HTTP/2 POST https://localhost:7095/api/v1/pdpa-consent-id - application/json 13
2024-02-20 14:23:54.019 +07:00 [INF] CORS policy execution successful.
2024-02-20 14:23:54.020 +07:00 [INF] Executing endpoint 'api.Controllers.v1.PdpaConsentController.GetId (api)'
2024-02-20 14:23:54.028 +07:00 [INF] Route matched with {action = "GetId", controller = "PdpaConsent"}. Executing controller action with signature System.Threading.Tasks.Task`1[Microsoft.AspNetCore.Mvc.ActionResult`1[domain.Common.DTO.ResultResponse`1[System.Collections.Generic.List`1[application.Feature.PDPA.DTO.PdpaConsentDto]]]] GetId(application.Feature.PDPA.Queries.PdpaConsentGetId, System.Threading.CancellationToken) on controller api.Controllers.v1.PdpaConsentController (api).
2024-02-20 14:23:54.049 +07:00 [INF] Start handling PdpaConsentGetId 
2024-02-20 14:23:54.196 +07:00 [INF] Executed DbCommand (2ms) [Parameters=[@__p_0='?' (DbType = Int32)], CommandType='"Text"', CommandTimeout='30']
SELECT p."Id", p."Con_Code", p."CreationTime", p."CreatorUserId", p."DeleterUserId", p."DeletionTime", p."DescriptionEN", p."DescriptionTH", p."DescriptionZH", p."IsDeleted", p."LastModificationTime", p."LastModifierUserId", p."Status", p."TitleEN", p."TitleTH", p."TitleZH", p."Version"
FROM "PdpaConsents" AS p
WHERE p."Id" = @__p_0
LIMIT 1
2024-02-20 14:23:54.207 +07:00 [INF] Completed handling PdpaConsentGetId - "00:00:00.1578686"
2024-02-20 14:23:54.209 +07:00 [INF] Executing OkObjectResult, writing value of type 'domain.Common.DTO.ResultResponse`1[[System.Collections.Generic.List`1[[application.Feature.PDPA.DTO.PdpaConsentDto, application, Version=1.0.0.0, Culture=neutral, PublicKeyToken=null]], System.Private.CoreLib, Version=8.0.0.0, Culture=neutral, PublicKeyToken=7cec85d7bea7798e]]'.
2024-02-20 14:23:54.237 +07:00 [INF] Executed action api.Controllers.v1.PdpaConsentController.GetId (api) in 207.2253ms
2024-02-20 14:23:54.240 +07:00 [INF] Executed endpoint 'api.Controllers.v1.PdpaConsentController.GetId (api)'
2024-02-20 14:23:54.241 +07:00 [INF] Request finished HTTP/2 POST https://localhost:7095/api/v1/pdpa-consent-id - 200 null application/json; charset=utf-8 227.6488ms
2024-02-20 14:32:18.578 +07:00 [INF] Now listening on: https://localhost:7095
2024-02-20 14:32:18.587 +07:00 [INF] Now listening on: http://localhost:5291
2024-02-20 14:32:18.589 +07:00 [INF] Application started. Press Ctrl+C to shut down.
2024-02-20 14:32:18.589 +07:00 [INF] Hosting environment: Development
2024-02-20 14:32:18.589 +07:00 [INF] Content root path: D:\Pimmada Khumdinpithak\Documents\GitHub\template-web-db-api\api
2024-02-20 14:32:21.623 +07:00 [INF] Request starting HTTP/2 GET https://localhost:7095/swagger/index.html - null null
2024-02-20 14:32:21.860 +07:00 [INF] Request finished HTTP/2 GET https://localhost:7095/swagger/index.html - 200 null text/html;charset=utf-8 245.2038ms
2024-02-20 14:32:21.885 +07:00 [INF] Request starting HTTP/2 GET https://localhost:7095/_vs/browserLink - null null
2024-02-20 14:32:21.885 +07:00 [INF] Request starting HTTP/2 GET https://localhost:7095/_framework/aspnetcore-browser-refresh.js - null null
2024-02-20 14:32:21.909 +07:00 [INF] Request finished HTTP/2 GET https://localhost:7095/_framework/aspnetcore-browser-refresh.js - 200 13742 application/javascript; charset=utf-8 24.8616ms
2024-02-20 14:32:21.935 +07:00 [INF] Request finished HTTP/2 GET https://localhost:7095/_vs/browserLink - 200 null text/javascript; charset=UTF-8 50.4422ms
2024-02-20 14:32:21.974 +07:00 [INF] Request starting HTTP/2 GET https://localhost:7095/swagger/v1/swagger.json - null null
2024-02-20 14:32:22.055 +07:00 [INF] Request finished HTTP/2 GET https://localhost:7095/swagger/v1/swagger.json - 200 null application/json;charset=utf-8 80.8953ms
2024-02-20 14:32:30.436 +07:00 [INF] Request starting HTTP/2 POST https://localhost:7095/api/v1/pdpa-consent-create - application/json 241
2024-02-20 14:32:30.469 +07:00 [INF] CORS policy execution successful.
2024-02-20 14:32:30.475 +07:00 [INF] Executing endpoint 'api.Controllers.v1.PdpaConsentController.updateCreate (api)'
2024-02-20 14:32:30.513 +07:00 [INF] Route matched with {action = "updateCreate", controller = "PdpaConsent"}. Executing controller action with signature System.Threading.Tasks.Task`1[Microsoft.AspNetCore.Mvc.ActionResult`1[domain.Common.DTO.ResultResponse`1[System.Collections.Generic.List`1[application.Feature.PDPA.DTO.PdpaConsentDto]]]] updateCreate(application.Feature.PDPA.Commands.PdpaConsentCreate, System.Threading.CancellationToken) on controller api.Controllers.v1.PdpaConsentController (api).
2024-02-20 14:32:30.588 +07:00 [INF] Start handling PdpaConsentCreate 
2024-02-20 14:32:31.999 +07:00 [INF] Executed DbCommand (93ms) [Parameters=[@p0='?', @p1='?' (DbType = DateTime), @p2='?' (DbType = Int64), @p3='?' (DbType = Int64), @p4='?' (DbType = DateTime), @p5='?', @p6='?', @p7='?', @p8='?' (DbType = Decimal), @p9='?' (DbType = DateTime), @p10='?' (DbType = Int64), @p11='?' (DbType = Int32), @p12='?', @p13='?', @p14='?', @p15='?'], CommandType='"Text"', CommandTimeout='30']
INSERT INTO "PdpaConsents" ("Con_Code", "CreationTime", "CreatorUserId", "DeleterUserId", "DeletionTime", "DescriptionEN", "DescriptionTH", "DescriptionZH", "IsDeleted", "LastModificationTime", "LastModifierUserId", "Status", "TitleEN", "TitleTH", "TitleZH", "Version")
VALUES (@p0, @p1, @p2, @p3, @p4, @p5, @p6, @p7, @p8, @p9, @p10, @p11, @p12, @p13, @p14, @p15)
RETURNING "Id";
2024-02-20 14:32:32.066 +07:00 [INF] Completed handling PdpaConsentCreate - "00:00:01.4781401"
2024-02-20 14:32:32.079 +07:00 [INF] Executing OkObjectResult, writing value of type 'domain.Common.DTO.ResultResponse`1[[System.Collections.Generic.List`1[[System.Boolean, System.Private.CoreLib, Version=8.0.0.0, Culture=neutral, PublicKeyToken=7cec85d7bea7798e]], System.Private.CoreLib, Version=8.0.0.0, Culture=neutral, PublicKeyToken=7cec85d7bea7798e]]'.
2024-02-20 14:32:32.094 +07:00 [INF] Executed action api.Controllers.v1.PdpaConsentController.updateCreate (api) in 1575.6292ms
2024-02-20 14:32:32.099 +07:00 [INF] Executed endpoint 'api.Controllers.v1.PdpaConsentController.updateCreate (api)'
2024-02-20 14:32:32.110 +07:00 [INF] Request finished HTTP/2 POST https://localhost:7095/api/v1/pdpa-consent-create - 200 null application/json; charset=utf-8 1673.6579ms
2024-02-20 14:32:40.174 +07:00 [INF] Request starting HTTP/2 POST https://localhost:7095/api/v1/pdpa-consent-create - application/json 241
2024-02-20 14:32:40.179 +07:00 [INF] CORS policy execution successful.
2024-02-20 14:32:40.180 +07:00 [INF] Executing endpoint 'api.Controllers.v1.PdpaConsentController.updateCreate (api)'
2024-02-20 14:32:40.181 +07:00 [INF] Route matched with {action = "updateCreate", controller = "PdpaConsent"}. Executing controller action with signature System.Threading.Tasks.Task`1[Microsoft.AspNetCore.Mvc.ActionResult`1[domain.Common.DTO.ResultResponse`1[System.Collections.Generic.List`1[application.Feature.PDPA.DTO.PdpaConsentDto]]]] updateCreate(application.Feature.PDPA.Commands.PdpaConsentCreate, System.Threading.CancellationToken) on controller api.Controllers.v1.PdpaConsentController (api).
2024-02-20 14:32:40.184 +07:00 [INF] Start handling PdpaConsentCreate 
2024-02-20 14:32:40.269 +07:00 [INF] Executed DbCommand (8ms) [Parameters=[@p0='?', @p1='?' (DbType = DateTime), @p2='?' (DbType = Int64), @p3='?' (DbType = Int64), @p4='?' (DbType = DateTime), @p5='?', @p6='?', @p7='?', @p8='?' (DbType = Decimal), @p9='?' (DbType = DateTime), @p10='?' (DbType = Int64), @p11='?' (DbType = Int32), @p12='?', @p13='?', @p14='?', @p15='?'], CommandType='"Text"', CommandTimeout='30']
INSERT INTO "PdpaConsents" ("Con_Code", "CreationTime", "CreatorUserId", "DeleterUserId", "DeletionTime", "DescriptionEN", "DescriptionTH", "DescriptionZH", "IsDeleted", "LastModificationTime", "LastModifierUserId", "Status", "TitleEN", "TitleTH", "TitleZH", "Version")
VALUES (@p0, @p1, @p2, @p3, @p4, @p5, @p6, @p7, @p8, @p9, @p10, @p11, @p12, @p13, @p14, @p15)
RETURNING "Id";
2024-02-20 14:32:40.274 +07:00 [INF] Completed handling PdpaConsentCreate - "00:00:00.0906037"
2024-02-20 14:32:40.276 +07:00 [INF] Executing OkObjectResult, writing value of type 'domain.Common.DTO.ResultResponse`1[[System.Collections.Generic.List`1[[System.Boolean, System.Private.CoreLib, Version=8.0.0.0, Culture=neutral, PublicKeyToken=7cec85d7bea7798e]], System.Private.CoreLib, Version=8.0.0.0, Culture=neutral, PublicKeyToken=7cec85d7bea7798e]]'.
2024-02-20 14:32:40.278 +07:00 [INF] Executed action api.Controllers.v1.PdpaConsentController.updateCreate (api) in 95.6746ms
2024-02-20 14:32:40.279 +07:00 [INF] Executed endpoint 'api.Controllers.v1.PdpaConsentController.updateCreate (api)'
2024-02-20 14:32:40.280 +07:00 [INF] Request finished HTTP/2 POST https://localhost:7095/api/v1/pdpa-consent-create - 200 null application/json; charset=utf-8 106.214ms
2024-02-20 14:32:58.038 +07:00 [INF] Request starting HTTP/2 POST https://localhost:7095/api/v1/pdpa-consent-get - application/json 78
2024-02-20 14:32:58.041 +07:00 [INF] CORS policy execution successful.
2024-02-20 14:32:58.042 +07:00 [INF] Executing endpoint 'api.Controllers.v1.PdpaConsentController.Get (api)'
2024-02-20 14:32:58.051 +07:00 [INF] Route matched with {action = "Get", controller = "PdpaConsent"}. Executing controller action with signature System.Threading.Tasks.Task`1[Microsoft.AspNetCore.Mvc.ActionResult`1[domain.Common.DTO.ResultResponse`1[System.Collections.Generic.List`1[application.Feature.PDPA.DTO.PdpaConsentDto]]]] Get(application.Feature.PDPA.Queries.PdpaConsentGet, System.Threading.CancellationToken) on controller api.Controllers.v1.PdpaConsentController (api).
2024-02-20 14:32:58.064 +07:00 [INF] Start handling PdpaConsentGet 
2024-02-20 14:32:58.254 +07:00 [WRN] The query uses a row limiting operator ('Skip'/'Take') without an 'OrderBy' operator. This may lead to unpredictable results. If the 'Distinct' operator is used after 'OrderBy', then make sure to use the 'OrderBy' operator after 'Distinct' as the ordering would otherwise get erased.
2024-02-20 14:32:58.257 +07:00 [WRN] The query uses a row limiting operator ('Skip'/'Take') without an 'OrderBy' operator. This may lead to unpredictable results. If the 'Distinct' operator is used after 'OrderBy', then make sure to use the 'OrderBy' operator after 'Distinct' as the ordering would otherwise get erased.
2024-02-20 14:32:58.355 +07:00 [INF] Executed DbCommand (2ms) [Parameters=[@__p_1='?' (DbType = Int32), @__p_0='?' (DbType = Int32)], CommandType='"Text"', CommandTimeout='30']
SELECT p."Id", p."Con_Code", p."CreationTime", p."CreatorUserId", p."DeleterUserId", p."DeletionTime", p."DescriptionEN", p."DescriptionTH", p."DescriptionZH", p."IsDeleted", p."LastModificationTime", p."LastModifierUserId", p."Status", p."TitleEN", p."TitleTH", p."TitleZH", p."Version"
FROM "PdpaConsents" AS p
LIMIT @__p_1 OFFSET @__p_0
2024-02-20 14:32:58.442 +07:00 [INF] Executed DbCommand (2ms) [Parameters=[], CommandType='"Text"', CommandTimeout='30']
SELECT count(*)::int
FROM "PdpaConsents" AS p
2024-02-20 14:32:58.447 +07:00 [INF] Completed handling PdpaConsentGet - "00:00:00.3828712"
2024-02-20 14:32:58.448 +07:00 [INF] Executing OkObjectResult, writing value of type 'domain.Common.DTO.ResultResponse`1[[System.Collections.Generic.List`1[[application.Feature.PDPA.DTO.PdpaConsentDto, application, Version=1.0.0.0, Culture=neutral, PublicKeyToken=null]], System.Private.CoreLib, Version=8.0.0.0, Culture=neutral, PublicKeyToken=7cec85d7bea7798e]]'.
2024-02-20 14:32:58.474 +07:00 [INF] Executed action api.Controllers.v1.PdpaConsentController.Get (api) in 421.02ms
2024-02-20 14:32:58.475 +07:00 [INF] Executed endpoint 'api.Controllers.v1.PdpaConsentController.Get (api)'
2024-02-20 14:32:58.476 +07:00 [INF] Request finished HTTP/2 POST https://localhost:7095/api/v1/pdpa-consent-get - 200 null application/json; charset=utf-8 437.9162ms
2024-02-20 14:33:21.488 +07:00 [INF] Request starting HTTP/2 DELETE https://localhost:7095/api/v1/pdpa-consent-Delete - application/json 13
2024-02-20 14:33:21.503 +07:00 [INF] CORS policy execution successful.
2024-02-20 14:33:21.504 +07:00 [INF] Executing endpoint 'api.Controllers.v1.PdpaConsentController.Delete (api)'
2024-02-20 14:33:21.511 +07:00 [INF] Route matched with {action = "Delete", controller = "PdpaConsent"}. Executing controller action with signature System.Threading.Tasks.Task`1[Microsoft.AspNetCore.Mvc.ActionResult`1[domain.Common.DTO.ResultResponse`1[System.Collections.Generic.List`1[application.Feature.PDPA.DTO.PdpaConsentDto]]]] Delete(application.Feature.PDPA.Commands.PdpaConsentDelete, System.Threading.CancellationToken) on controller api.Controllers.v1.PdpaConsentController (api).
2024-02-20 14:33:21.534 +07:00 [INF] Start handling PdpaConsentDelete 
2024-02-20 14:33:21.586 +07:00 [INF] Executed DbCommand (2ms) [Parameters=[@__request_Id_0='?' (DbType = Int32)], CommandType='"Text"', CommandTimeout='30']
SELECT p."Id", p."Con_Code", p."CreationTime", p."CreatorUserId", p."DeleterUserId", p."DeletionTime", p."DescriptionEN", p."DescriptionTH", p."DescriptionZH", p."IsDeleted", p."LastModificationTime", p."LastModifierUserId", p."Status", p."TitleEN", p."TitleTH", p."TitleZH", p."Version"
FROM "PdpaConsents" AS p
WHERE p."Id" = @__request_Id_0
LIMIT 1
2024-02-20 14:33:21.601 +07:00 [INF] Executed DbCommand (2ms) [Parameters=[@p16='?' (DbType = Int32), @p0='?', @p1='?' (DbType = DateTime), @p2='?' (DbType = Int64), @p3='?' (DbType = Int64), @p4='?' (DbType = DateTime), @p5='?', @p6='?', @p7='?', @p8='?' (DbType = Decimal), @p9='?' (DbType = DateTime), @p10='?' (DbType = Int64), @p11='?' (DbType = Int32), @p12='?', @p13='?', @p14='?', @p15='?'], CommandType='"Text"', CommandTimeout='30']
UPDATE "PdpaConsents" SET "Con_Code" = @p0, "CreationTime" = @p1, "CreatorUserId" = @p2, "DeleterUserId" = @p3, "DeletionTime" = @p4, "DescriptionEN" = @p5, "DescriptionTH" = @p6, "DescriptionZH" = @p7, "IsDeleted" = @p8, "LastModificationTime" = @p9, "LastModifierUserId" = @p10, "Status" = @p11, "TitleEN" = @p12, "TitleTH" = @p13, "TitleZH" = @p14, "Version" = @p15
WHERE "Id" = @p16;
2024-02-20 14:33:21.605 +07:00 [INF] Completed handling PdpaConsentDelete - "00:00:00.0708156"
2024-02-20 14:33:21.606 +07:00 [INF] Executing OkObjectResult, writing value of type 'domain.Common.DTO.ResultResponse`1[[System.Collections.Generic.List`1[[System.Boolean, System.Private.CoreLib, Version=8.0.0.0, Culture=neutral, PublicKeyToken=7cec85d7bea7798e]], System.Private.CoreLib, Version=8.0.0.0, Culture=neutral, PublicKeyToken=7cec85d7bea7798e]]'.
2024-02-20 14:33:21.608 +07:00 [INF] Executed action api.Controllers.v1.PdpaConsentController.Delete (api) in 94.5962ms
2024-02-20 14:33:21.609 +07:00 [INF] Executed endpoint 'api.Controllers.v1.PdpaConsentController.Delete (api)'
2024-02-20 14:33:21.610 +07:00 [INF] Request finished HTTP/2 DELETE https://localhost:7095/api/v1/pdpa-consent-Delete - 200 null application/json; charset=utf-8 121.5981ms
2024-02-20 14:33:38.102 +07:00 [INF] Request starting HTTP/2 POST https://localhost:7095/api/v1/pdpa-consent-id - application/json 13
2024-02-20 14:33:38.104 +07:00 [INF] CORS policy execution successful.
2024-02-20 14:33:38.105 +07:00 [INF] Executing endpoint 'api.Controllers.v1.PdpaConsentController.GetId (api)'
2024-02-20 14:33:38.112 +07:00 [INF] Route matched with {action = "GetId", controller = "PdpaConsent"}. Executing controller action with signature System.Threading.Tasks.Task`1[Microsoft.AspNetCore.Mvc.ActionResult`1[domain.Common.DTO.ResultResponse`1[System.Collections.Generic.List`1[application.Feature.PDPA.DTO.PdpaConsentDto]]]] GetId(application.Feature.PDPA.Queries.PdpaConsentGetId, System.Threading.CancellationToken) on controller api.Controllers.v1.PdpaConsentController (api).
2024-02-20 14:33:38.125 +07:00 [INF] Start handling PdpaConsentGetId 
2024-02-20 14:33:38.160 +07:00 [INF] Executed DbCommand (2ms) [Parameters=[@__p_0='?' (DbType = Int32)], CommandType='"Text"', CommandTimeout='30']
SELECT p."Id", p."Con_Code", p."CreationTime", p."CreatorUserId", p."DeleterUserId", p."DeletionTime", p."DescriptionEN", p."DescriptionTH", p."DescriptionZH", p."IsDeleted", p."LastModificationTime", p."LastModifierUserId", p."Status", p."TitleEN", p."TitleTH", p."TitleZH", p."Version"
FROM "PdpaConsents" AS p
WHERE p."Id" = @__p_0
LIMIT 1
2024-02-20 14:33:38.170 +07:00 [INF] Completed handling PdpaConsentGetId - "00:00:00.0441049"
2024-02-20 14:33:38.171 +07:00 [INF] Executing OkObjectResult, writing value of type 'domain.Common.DTO.ResultResponse`1[[System.Collections.Generic.List`1[[application.Feature.PDPA.DTO.PdpaConsentDto, application, Version=1.0.0.0, Culture=neutral, PublicKeyToken=null]], System.Private.CoreLib, Version=8.0.0.0, Culture=neutral, PublicKeyToken=7cec85d7bea7798e]]'.
2024-02-20 14:33:38.173 +07:00 [INF] Executed action api.Controllers.v1.PdpaConsentController.GetId (api) in 59.3225ms
2024-02-20 14:33:38.175 +07:00 [INF] Executed endpoint 'api.Controllers.v1.PdpaConsentController.GetId (api)'
2024-02-20 14:33:38.176 +07:00 [INF] Request finished HTTP/2 POST https://localhost:7095/api/v1/pdpa-consent-id - 200 null application/json; charset=utf-8 73.8286ms
